#! /usr/bin/vvp
:ivl_version "12.0 (stable)";
:ivl_delay_selection "TYPICAL";
:vpi_time_precision + 0;
:vpi_module "/usr/lib/x86_64-linux-gnu/ivl/system.vpi";
:vpi_module "/usr/lib/x86_64-linux-gnu/ivl/vhdl_sys.vpi";
:vpi_module "/usr/lib/x86_64-linux-gnu/ivl/vhdl_textio.vpi";
:vpi_module "/usr/lib/x86_64-linux-gnu/ivl/v2005_math.vpi";
:vpi_module "/usr/lib/x86_64-linux-gnu/ivl/va_math.vpi";
:vpi_module "/usr/lib/x86_64-linux-gnu/ivl/v2009.vpi";
S_0x639a23831bd0 .scope package, "$unit" "$unit" 2 1;
 .timescale 0 0;
S_0x639a2387cb30 .scope module, "top" "top" 3 1;
 .timescale 0 0;
    .port_info 0 /INPUT 1 "CLOCK_50";
    .port_info 1 /INPUT 10 "SW";
    .port_info 2 /INPUT 4 "KEY";
    .port_info 3 /OUTPUT 10 "LEDR";
    .port_info 4 /OUTPUT 7 "HEX5";
    .port_info 5 /OUTPUT 7 "HEX4";
    .port_info 6 /OUTPUT 7 "HEX3";
    .port_info 7 /OUTPUT 7 "HEX2";
    .port_info 8 /OUTPUT 7 "HEX1";
    .port_info 9 /OUTPUT 7 "HEX0";
P_0x639a2389ea20 .param/l "IO_HEX_bit" 1 3 30, +C4<00000000000000000000000000000011>;
P_0x639a2389ea60 .param/l "IO_KEY_bit" 1 3 31, +C4<00000000000000000000000000000100>;
P_0x639a2389eaa0 .param/l "IO_LEDS_bit" 1 3 29, +C4<00000000000000000000000000000010>;
P_0x639a2389eae0 .param/l "IO_SW_bit" 1 3 32, +C4<00000000000000000000000000000101>;
L_0x639a238add10 .functor NOT 1, L_0x639a238d32e0, C4<0>, C4<0>, C4<0>;
L_0x639a238ea140 .functor AND 32, L_0x639a238e4aa0, L_0x639a238ea050, C4<11111111111111111111111111111111>, C4<11111111111111111111111111111111>;
o0x799eb94e7bd8 .functor BUFZ 1, C4<z>; HiZ drive
v0x639a238d1520_0 .net "CLOCK_50", 0 0, o0x799eb94e7bd8;  0 drivers
v0x639a238d1600_0 .net "HEX0", 6 0, v0x639a238cf3f0_0;  1 drivers
v0x639a238d16c0_0 .net "HEX1", 6 0, v0x639a238cf8b0_0;  1 drivers
v0x639a238d17c0_0 .net "HEX2", 6 0, v0x639a238cfd90_0;  1 drivers
v0x639a238d1890_0 .net "HEX3", 6 0, v0x639a238d02c0_0;  1 drivers
v0x639a238d1980_0 .net "HEX4", 6 0, v0x639a238d07a0_0;  1 drivers
v0x639a238d1a50_0 .net "HEX5", 6 0, v0x639a238d0c80_0;  1 drivers
v0x639a238d1b20_0 .net "IO_readdata", 31 0, L_0x639a238eaf90;  1 drivers
o0x799eb94e7c38 .functor BUFZ 4, C4<zzzz>; HiZ drive
v0x639a238d1bc0_0 .net "KEY", 3 0, o0x799eb94e7c38;  0 drivers
v0x639a238d1ca0_0 .var "LEDR", 9 0;
v0x639a238d1d80_0 .net "MEM_readdata", 31 0, v0x639a238d1220_0;  1 drivers
o0x799eb94e7c98 .functor BUFZ 10, C4<zzzzzzzzzz>; HiZ drive
v0x639a238d1e70_0 .net "SW", 9 0, o0x799eb94e7c98;  0 drivers
v0x639a238d1f30_0 .net *"_ivl_29", 0 0, L_0x639a238ea8c0;  1 drivers
v0x639a238d2010_0 .net *"_ivl_3", 0 0, L_0x639a238d32e0;  1 drivers
L_0x799eb949d648 .functor BUFT 1, C4<0000000000000000000000000000>, C4<0>, C4<0>, C4<0>;
v0x639a238d20f0_0 .net/2u *"_ivl_30", 27 0, L_0x799eb949d648;  1 drivers
v0x639a238d21d0_0 .net *"_ivl_32", 31 0, L_0x639a238eaa00;  1 drivers
v0x639a238d22b0_0 .net *"_ivl_35", 0 0, L_0x639a238eaad0;  1 drivers
L_0x799eb949d690 .functor BUFT 1, C4<0000000000000000000000>, C4<0>, C4<0>, C4<0>;
v0x639a238d2390_0 .net/2u *"_ivl_36", 21 0, L_0x799eb949d690;  1 drivers
v0x639a238d2470_0 .net *"_ivl_38", 31 0, L_0x639a238eabf0;  1 drivers
L_0x799eb949d6d8 .functor BUFT 1, C4<00000000000000000000000000000000>, C4<0>, C4<0>, C4<0>;
v0x639a238d2550_0 .net/2u *"_ivl_40", 31 0, L_0x799eb949d6d8;  1 drivers
v0x639a238d2630_0 .net *"_ivl_42", 31 0, L_0x639a238ead40;  1 drivers
v0x639a238d2710_0 .net *"_ivl_6", 31 0, L_0x639a238ea050;  1 drivers
L_0x799eb949d600 .functor BUFT 1, C4<0000000000000000000000000000000>, C4<0>, C4<0>, C4<0>;
v0x639a238d27f0_0 .net *"_ivl_9", 30 0, L_0x799eb949d600;  1 drivers
v0x639a238d28d0_0 .net "addr", 31 0, L_0x639a238e45c0;  1 drivers
v0x639a238d2990_0 .net "clk", 0 0, L_0x639a238d3210;  1 drivers
v0x639a238d2a80_0 .var/i "counter", 31 0;
v0x639a238d2b60_0 .var "hex_digits", 23 0;
v0x639a238d2c40_0 .net "isIO", 0 0, L_0x639a238ea200;  1 drivers
v0x639a238d2d00_0 .net "isRAM", 0 0, L_0x639a238ea2d0;  1 drivers
v0x639a238d2dc0_0 .net "memwrite", 0 0, L_0x639a238e4660;  1 drivers
v0x639a238d2eb0_0 .net "readdata", 31 0, L_0x639a238eb120;  1 drivers
v0x639a238d2f70_0 .net "reset", 0 0, L_0x639a238add10;  1 drivers
v0x639a238d3010_0 .net "writedata", 31 0, L_0x639a238e4aa0;  1 drivers
E_0x639a23807ec0 .event posedge, v0x639a238d1520_0;
L_0x639a238d3210 .part v0x639a238d2a80_0, 21, 1;
L_0x639a238d32e0 .part o0x799eb94e7c38, 0, 1;
L_0x639a238ea050 .concat [ 1 31 0 0], L_0x639a238ea2d0, L_0x799eb949d600;
L_0x639a238ea200 .part L_0x639a238e45c0, 8, 1;
L_0x639a238ea2d0 .reduce/nor L_0x639a238ea200;
L_0x639a238ea3c0 .part v0x639a238d2b60_0, 0, 4;
L_0x639a238ea4a0 .part v0x639a238d2b60_0, 4, 4;
L_0x639a238ea590 .part v0x639a238d2b60_0, 8, 4;
L_0x639a238ea680 .part v0x639a238d2b60_0, 12, 4;
L_0x639a238ea720 .part v0x639a238d2b60_0, 16, 4;
L_0x639a238ea820 .part v0x639a238d2b60_0, 20, 4;
L_0x639a238ea8c0 .part L_0x639a238e45c0, 4, 1;
L_0x639a238eaa00 .concat [ 4 28 0 0], o0x799eb94e7c38, L_0x799eb949d648;
L_0x639a238eaad0 .part L_0x639a238e45c0, 5, 1;
L_0x639a238eabf0 .concat [ 10 22 0 0], o0x799eb94e7c98, L_0x799eb949d690;
L_0x639a238ead40 .functor MUXZ 32, L_0x799eb949d6d8, L_0x639a238eabf0, L_0x639a238eaad0, C4<>;
L_0x639a238eaf90 .functor MUXZ 32, L_0x639a238ead40, L_0x639a238eaa00, L_0x639a238ea8c0, C4<>;
L_0x639a238eb120 .functor MUXZ 32, v0x639a238d1220_0, L_0x639a238eaf90, L_0x639a238ea200, C4<>;
S_0x639a238395d0 .scope module, "cpu" "riscvmulti" 3 21, 4 1 0, S_0x639a2387cb30;
 .timescale 0 0;
    .port_info 0 /INPUT 1 "clk";
    .port_info 1 /INPUT 1 "reset";
    .port_info 2 /INPUT 32 "readdata";
    .port_info 3 /OUTPUT 32 "address";
    .port_info 4 /OUTPUT 1 "we";
    .port_info 5 /OUTPUT 32 "writedata";
P_0x639a2388ced0 .param/l "EXECUTE" 1 4 190, +C4<00000000000000000000000000000011>;
P_0x639a2388cf10 .param/l "FETCH_INSTR" 1 4 187, +C4<00000000000000000000000000000000>;
P_0x639a2388cf50 .param/l "FETCH_REGS" 1 4 189, +C4<00000000000000000000000000000010>;
P_0x639a2388cf90 .param/l "LOAD" 1 4 191, +C4<00000000000000000000000000000100>;
P_0x639a2388cfd0 .param/l "STORE" 1 4 193, +C4<00000000000000000000000000000110>;
P_0x639a2388d010 .param/l "WAIT_DATA" 1 4 192, +C4<00000000000000000000000000000101>;
P_0x639a2388d050 .param/l "WAIT_INSTR" 1 4 188, +C4<00000000000000000000000000000001>;
L_0x639a2389dc80 .functor OR 1, L_0x639a238e3600, L_0x639a238e38b0, C4<0>, C4<0>;
L_0x639a238e3fe0 .functor OR 1, L_0x639a238e3c30, L_0x639a238e3e50, C4<0>, C4<0>;
L_0x639a238e43c0 .functor OR 1, L_0x639a238e3fe0, L_0x639a238e4270, C4<0>, C4<0>;
L_0x639a238e4660 .functor AND 1, v0x639a238ce610_0, L_0x639a238e4860, C4<1>, C4<1>;
L_0x639a238e4aa0 .functor BUFZ 32, v0x639a238c90e0_0, C4<00000000000000000000000000000000>, C4<00000000000000000000000000000000>, C4<00000000000000000000000000000000>;
L_0x639a238e4b60 .functor AND 1, v0x639a238ce190_0, v0x639a238cef70_0, C4<1>, C4<1>;
L_0x639a238e4cb0 .functor AND 1, L_0x639a238e57f0, L_0x639a238e5930, C4<1>, C4<1>;
L_0x639a238e5f90 .functor OR 1, L_0x639a238e4cb0, L_0x639a238e5d40, C4<0>, C4<0>;
L_0x639a238e60f0 .functor OR 1, v0x639a238ce550_0, v0x639a238ce250_0, C4<0>, C4<0>;
L_0x639a238e6160 .functor OR 1, L_0x639a238e60f0, v0x639a238ce310_0, C4<0>, C4<0>;
L_0x639a238e6300 .functor OR 1, L_0x639a238e6160, v0x639a238ce490_0, C4<0>, C4<0>;
L_0x639a238e6370 .functor OR 1, L_0x639a238e6300, v0x639a238ce3d0_0, C4<0>, C4<0>;
L_0x639a238e64f0 .functor AND 1, L_0x639a238e5f90, L_0x639a238e6370, C4<1>, C4<1>;
L_0x639a238e6600 .functor BUFZ 32, v0x639a238c90e0_0, C4<00000000000000000000000000000000>, C4<00000000000000000000000000000000>, C4<00000000000000000000000000000000>;
v0x639a2389dda0_0 .var "Instr_reg", 31 0;
v0x639a238c8d50 .array "Registers", 31 0, 31 0;
v0x639a238c8e10_0 .var "ULAa", 31 0;
v0x639a238c8ed0_0 .var "ULAb", 31 0;
v0x639a238c8fb0_0 .var "ULAout", 31 0;
v0x639a238c90e0_0 .var "ULAresult", 31 0;
v0x639a238c91c0_0 .net "WriteBackData", 31 0, L_0x639a238e6600;  1 drivers
v0x639a238c92a0_0 .net "WriteBackEN", 0 0, L_0x639a238e64f0;  1 drivers
v0x639a238c9360_0 .net *"_ivl_0", 31 0, L_0x639a238d3480;  1 drivers
v0x639a238c9440_0 .net *"_ivl_100", 0 0, L_0x639a238e5d40;  1 drivers
v0x639a238c9500_0 .net *"_ivl_103", 0 0, L_0x639a238e5f90;  1 drivers
v0x639a238c95c0_0 .net *"_ivl_105", 0 0, L_0x639a238e60f0;  1 drivers
v0x639a238c9680_0 .net *"_ivl_107", 0 0, L_0x639a238e6160;  1 drivers
v0x639a238c9740_0 .net *"_ivl_109", 0 0, L_0x639a238e6300;  1 drivers
L_0x799eb949d0a8 .functor BUFT 1, C4<00000000000000000000000000000>, C4<0>, C4<0>, C4<0>;
v0x639a238c9800_0 .net *"_ivl_11", 28 0, L_0x799eb949d0a8;  1 drivers
v0x639a238c98e0_0 .net *"_ivl_111", 0 0, L_0x639a238e6370;  1 drivers
L_0x799eb949d0f0 .functor BUFT 1, C4<00000000000000000000000000000001>, C4<0>, C4<0>, C4<0>;
v0x639a238c99a0_0 .net/2u *"_ivl_12", 31 0, L_0x799eb949d0f0;  1 drivers
v0x639a238c9b90_0 .net *"_ivl_129", 0 0, L_0x639a238e6e70;  1 drivers
v0x639a238c9c70_0 .net *"_ivl_130", 19 0, L_0x639a238e6f40;  1 drivers
v0x639a238c9d50_0 .net *"_ivl_133", 11 0, L_0x639a238e7450;  1 drivers
v0x639a238c9e30_0 .net *"_ivl_137", 0 0, L_0x639a238e7330;  1 drivers
v0x639a238c9f10_0 .net *"_ivl_138", 19 0, L_0x639a238e7740;  1 drivers
v0x639a238c9ff0_0 .net *"_ivl_14", 0 0, L_0x639a238e38b0;  1 drivers
v0x639a238ca0b0_0 .net *"_ivl_141", 6 0, L_0x639a238e7be0;  1 drivers
v0x639a238ca190_0 .net *"_ivl_143", 4 0, L_0x639a238e7c80;  1 drivers
v0x639a238ca270_0 .net *"_ivl_147", 0 0, L_0x639a238e8010;  1 drivers
v0x639a238ca350_0 .net *"_ivl_148", 19 0, L_0x639a238e8210;  1 drivers
v0x639a238ca430_0 .net *"_ivl_151", 0 0, L_0x639a238e85c0;  1 drivers
v0x639a238ca510_0 .net *"_ivl_153", 5 0, L_0x639a238e87d0;  1 drivers
v0x639a238ca5f0_0 .net *"_ivl_155", 3 0, L_0x639a238e8870;  1 drivers
L_0x799eb949d528 .functor BUFT 1, C4<0>, C4<0>, C4<0>, C4<0>;
v0x639a238ca6d0_0 .net/2u *"_ivl_156", 0 0, L_0x799eb949d528;  1 drivers
v0x639a238ca7b0_0 .net *"_ivl_161", 19 0, L_0x639a238e8d00;  1 drivers
L_0x799eb949d570 .functor BUFT 1, C4<000000000000>, C4<0>, C4<0>, C4<0>;
v0x639a238ca890_0 .net/2u *"_ivl_162", 11 0, L_0x799eb949d570;  1 drivers
v0x639a238cab80_0 .net *"_ivl_167", 0 0, L_0x639a238e9280;  1 drivers
v0x639a238cac60_0 .net *"_ivl_168", 10 0, L_0x639a238e94c0;  1 drivers
v0x639a238cad40_0 .net *"_ivl_17", 0 0, L_0x639a2389dc80;  1 drivers
v0x639a238cae00_0 .net *"_ivl_171", 0 0, L_0x639a238e95b0;  1 drivers
v0x639a238caee0_0 .net *"_ivl_173", 7 0, L_0x639a238e9800;  1 drivers
v0x639a238cafc0_0 .net *"_ivl_175", 0 0, L_0x639a238e98a0;  1 drivers
v0x639a238cb0a0_0 .net *"_ivl_177", 9 0, L_0x639a238e9b00;  1 drivers
L_0x799eb949d5b8 .functor BUFT 1, C4<0>, C4<0>, C4<0>, C4<0>;
v0x639a238cb180_0 .net/2u *"_ivl_178", 0 0, L_0x799eb949d5b8;  1 drivers
v0x639a238cb260_0 .net *"_ivl_18", 31 0, L_0x639a238e3af0;  1 drivers
L_0x799eb949d138 .functor BUFT 1, C4<00000000000000000000000000000>, C4<0>, C4<0>, C4<0>;
v0x639a238cb340_0 .net *"_ivl_21", 28 0, L_0x799eb949d138;  1 drivers
L_0x799eb949d180 .functor BUFT 1, C4<00000000000000000000000000000100>, C4<0>, C4<0>, C4<0>;
v0x639a238cb420_0 .net/2u *"_ivl_22", 31 0, L_0x799eb949d180;  1 drivers
v0x639a238cb500_0 .net *"_ivl_24", 0 0, L_0x639a238e3c30;  1 drivers
v0x639a238cb5c0_0 .net *"_ivl_26", 31 0, L_0x639a238e3db0;  1 drivers
L_0x799eb949d1c8 .functor BUFT 1, C4<00000000000000000000000000000>, C4<0>, C4<0>, C4<0>;
v0x639a238cb6a0_0 .net *"_ivl_29", 28 0, L_0x799eb949d1c8;  1 drivers
L_0x799eb949d018 .functor BUFT 1, C4<00000000000000000000000000000>, C4<0>, C4<0>, C4<0>;
v0x639a238cb780_0 .net *"_ivl_3", 28 0, L_0x799eb949d018;  1 drivers
L_0x799eb949d210 .functor BUFT 1, C4<00000000000000000000000000000101>, C4<0>, C4<0>, C4<0>;
v0x639a238cb860_0 .net/2u *"_ivl_30", 31 0, L_0x799eb949d210;  1 drivers
v0x639a238cb940_0 .net *"_ivl_32", 0 0, L_0x639a238e3e50;  1 drivers
v0x639a238cba00_0 .net *"_ivl_35", 0 0, L_0x639a238e3fe0;  1 drivers
v0x639a238cbac0_0 .net *"_ivl_36", 31 0, L_0x639a238e40f0;  1 drivers
L_0x799eb949d258 .functor BUFT 1, C4<00000000000000000000000000000>, C4<0>, C4<0>, C4<0>;
v0x639a238cbba0_0 .net *"_ivl_39", 28 0, L_0x799eb949d258;  1 drivers
L_0x799eb949d060 .functor BUFT 1, C4<00000000000000000000000000000000>, C4<0>, C4<0>, C4<0>;
v0x639a238cbc80_0 .net/2u *"_ivl_4", 31 0, L_0x799eb949d060;  1 drivers
L_0x799eb949d2a0 .functor BUFT 1, C4<00000000000000000000000000000110>, C4<0>, C4<0>, C4<0>;
v0x639a238cbd60_0 .net/2u *"_ivl_40", 31 0, L_0x799eb949d2a0;  1 drivers
v0x639a238cbe40_0 .net *"_ivl_42", 0 0, L_0x639a238e4270;  1 drivers
v0x639a238cbf00_0 .net *"_ivl_45", 0 0, L_0x639a238e43c0;  1 drivers
L_0x799eb949d2e8 .functor BUFT 1, C4<00000000000000000000000000000000>, C4<0>, C4<0>, C4<0>;
v0x639a238cbfc0_0 .net/2u *"_ivl_46", 31 0, L_0x799eb949d2e8;  1 drivers
v0x639a238cc0a0_0 .net *"_ivl_48", 31 0, L_0x639a238e4480;  1 drivers
v0x639a238cc180_0 .net *"_ivl_52", 31 0, L_0x639a238e4770;  1 drivers
L_0x799eb949d330 .functor BUFT 1, C4<00000000000000000000000000000>, C4<0>, C4<0>, C4<0>;
v0x639a238cc260_0 .net *"_ivl_55", 28 0, L_0x799eb949d330;  1 drivers
L_0x799eb949d378 .functor BUFT 1, C4<00000000000000000000000000000110>, C4<0>, C4<0>, C4<0>;
v0x639a238cc340_0 .net/2u *"_ivl_56", 31 0, L_0x799eb949d378;  1 drivers
v0x639a238cc420_0 .net *"_ivl_58", 0 0, L_0x639a238e4860;  1 drivers
v0x639a238cc4e0_0 .net *"_ivl_6", 0 0, L_0x639a238e3600;  1 drivers
v0x639a238cc5a0_0 .net *"_ivl_65", 0 0, L_0x639a238e4b60;  1 drivers
v0x639a238cca70_0 .net *"_ivl_66", 31 0, L_0x639a238e4c10;  1 drivers
v0x639a238ccb50_0 .net *"_ivl_68", 31 0, L_0x639a238e4dc0;  1 drivers
v0x639a238ccc30_0 .net *"_ivl_70", 31 0, L_0x639a238e4ef0;  1 drivers
L_0x799eb949d3c0 .functor BUFT 1, C4<00000000000000000000000000000100>, C4<0>, C4<0>, C4<0>;
v0x639a238ccd10_0 .net/2u *"_ivl_72", 31 0, L_0x799eb949d3c0;  1 drivers
v0x639a238ccdf0_0 .net *"_ivl_74", 31 0, L_0x639a238e5080;  1 drivers
v0x639a238cced0_0 .net *"_ivl_76", 31 0, L_0x639a238e51f0;  1 drivers
v0x639a238ccfb0_0 .net *"_ivl_78", 31 0, L_0x639a238e5360;  1 drivers
v0x639a238cd090_0 .net *"_ivl_8", 31 0, L_0x639a238e3770;  1 drivers
v0x639a238cd170_0 .net *"_ivl_82", 31 0, L_0x639a238e5640;  1 drivers
L_0x799eb949d408 .functor BUFT 1, C4<00000000000000000000000000000>, C4<0>, C4<0>, C4<0>;
v0x639a238cd250_0 .net *"_ivl_85", 28 0, L_0x799eb949d408;  1 drivers
L_0x799eb949d450 .functor BUFT 1, C4<00000000000000000000000000000011>, C4<0>, C4<0>, C4<0>;
v0x639a238cd330_0 .net/2u *"_ivl_86", 31 0, L_0x799eb949d450;  1 drivers
v0x639a238cd410_0 .net *"_ivl_88", 0 0, L_0x639a238e57f0;  1 drivers
v0x639a238cd4d0_0 .net *"_ivl_91", 0 0, L_0x639a238e5930;  1 drivers
v0x639a238cd590_0 .net *"_ivl_92", 0 0, L_0x639a238e4cb0;  1 drivers
v0x639a238cd670_0 .net *"_ivl_94", 31 0, L_0x639a238e5b40;  1 drivers
L_0x799eb949d498 .functor BUFT 1, C4<00000000000000000000000000000>, C4<0>, C4<0>, C4<0>;
v0x639a238cd750_0 .net *"_ivl_97", 28 0, L_0x799eb949d498;  1 drivers
L_0x799eb949d4e0 .functor BUFT 1, C4<00000000000000000000000000000101>, C4<0>, C4<0>, C4<0>;
v0x639a238cd830_0 .net/2u *"_ivl_98", 31 0, L_0x799eb949d4e0;  1 drivers
v0x639a238cd910_0 .net "address", 31 0, L_0x639a238e45c0;  alias, 1 drivers
v0x639a238cd9f0_0 .net "clk", 0 0, L_0x639a238d3210;  alias, 1 drivers
v0x639a238cdab0_0 .net "f3", 2 0, L_0x639a238e6bc0;  1 drivers
v0x639a238cdb90_0 .net "f7", 6 0, L_0x639a238e6c90;  1 drivers
v0x639a238cdc70_0 .net "immB", 31 0, L_0x639a238e8af0;  1 drivers
v0x639a238cdd50_0 .net "immI", 31 0, L_0x639a238e74f0;  1 drivers
v0x639a238cde30_0 .net "immJ", 31 0, L_0x639a238e9c00;  1 drivers
v0x639a238cdf10_0 .net "immS", 31 0, L_0x639a238e7e70;  1 drivers
v0x639a238cdff0_0 .net "immU", 31 0, L_0x639a238e9140;  1 drivers
v0x639a238ce0d0_0 .var "isAuipc", 0 0;
v0x639a238ce190_0 .var "isB", 0 0;
v0x639a238ce250_0 .var "isI", 0 0;
v0x639a238ce310_0 .var "isJ", 0 0;
v0x639a238ce3d0_0 .var "isL", 0 0;
v0x639a238ce490_0 .var "isLui", 0 0;
v0x639a238ce550_0 .var "isR", 0 0;
v0x639a238ce610_0 .var "isS", 0 0;
v0x639a238ce6d0_0 .net "nextpc", 31 0, L_0x639a238e5150;  1 drivers
v0x639a238ce7b0_0 .net "opcode", 6 0, L_0x639a238e69f0;  1 drivers
v0x639a238ce890_0 .var "pc", 31 0;
v0x639a238ce970_0 .net "rd", 4 0, L_0x639a238e66f0;  1 drivers
v0x639a238cea50_0 .var "read_adr", 31 0;
v0x639a238ceb30_0 .net "readdata", 31 0, L_0x639a238eb120;  alias, 1 drivers
v0x639a238cec10_0 .net "reset", 0 0, L_0x639a238add10;  alias, 1 drivers
v0x639a238cecd0_0 .net "rs1", 4 0, L_0x639a238e6790;  1 drivers
v0x639a238cedb0_0 .net "rs2", 4 0, L_0x639a238e6950;  1 drivers
v0x639a238cee90_0 .var "state", 2 0;
v0x639a238cef70_0 .var "take_branch", 0 0;
v0x639a238cf030_0 .net "we", 0 0, L_0x639a238e4660;  alias, 1 drivers
v0x639a238cf0f0_0 .net "writedata", 31 0, L_0x639a238e4aa0;  alias, 1 drivers
E_0x639a23807f00 .event posedge, v0x639a238cd9f0_0;
E_0x639a2382b900/0 .event anyedge, v0x639a238ce7b0_0, v0x639a238cdab0_0, v0x639a238c8e10_0, v0x639a238c8ed0_0;
E_0x639a2382b900/1 .event anyedge, v0x639a238ce550_0, v0x639a238cdb90_0, v0x639a238ce250_0, v0x639a238cdd50_0;
E_0x639a2382b900/2 .event anyedge, v0x639a238ce490_0, v0x639a238ce0d0_0, v0x639a238cdff0_0, v0x639a238ce310_0;
E_0x639a2382b900/3 .event anyedge, v0x639a238ce890_0, v0x639a238ce190_0, v0x639a238cdc70_0, v0x639a238ce3d0_0;
E_0x639a2382b900/4 .event anyedge, v0x639a238cea50_0, v0x639a238ceb30_0, v0x639a238ce610_0, v0x639a238cdf10_0;
E_0x639a2382b900 .event/or E_0x639a2382b900/0, E_0x639a2382b900/1, E_0x639a2382b900/2, E_0x639a2382b900/3, E_0x639a2382b900/4;
L_0x639a238d3480 .concat [ 3 29 0 0], v0x639a238cee90_0, L_0x799eb949d018;
L_0x639a238e3600 .cmp/eq 32, L_0x639a238d3480, L_0x799eb949d060;
L_0x639a238e3770 .concat [ 3 29 0 0], v0x639a238cee90_0, L_0x799eb949d0a8;
L_0x639a238e38b0 .cmp/eq 32, L_0x639a238e3770, L_0x799eb949d0f0;
L_0x639a238e3af0 .concat [ 3 29 0 0], v0x639a238cee90_0, L_0x799eb949d138;
L_0x639a238e3c30 .cmp/eq 32, L_0x639a238e3af0, L_0x799eb949d180;
L_0x639a238e3db0 .concat [ 3 29 0 0], v0x639a238cee90_0, L_0x799eb949d1c8;
L_0x639a238e3e50 .cmp/eq 32, L_0x639a238e3db0, L_0x799eb949d210;
L_0x639a238e40f0 .concat [ 3 29 0 0], v0x639a238cee90_0, L_0x799eb949d258;
L_0x639a238e4270 .cmp/eq 32, L_0x639a238e40f0, L_0x799eb949d2a0;
L_0x639a238e4480 .functor MUXZ 32, L_0x799eb949d2e8, v0x639a238cea50_0, L_0x639a238e43c0, C4<>;
L_0x639a238e45c0 .functor MUXZ 32, L_0x639a238e4480, v0x639a238ce890_0, L_0x639a2389dc80, C4<>;
L_0x639a238e4770 .concat [ 3 29 0 0], v0x639a238cee90_0, L_0x799eb949d330;
L_0x639a238e4860 .cmp/eq 32, L_0x639a238e4770, L_0x799eb949d378;
L_0x639a238e4c10 .arith/sum 32, v0x639a238ce890_0, v0x639a238c90e0_0;
L_0x639a238e4dc0 .arith/sum 32, v0x639a238ce890_0, L_0x639a238e9c00;
L_0x639a238e4ef0 .arith/sum 32, v0x639a238ce890_0, v0x639a238c90e0_0;
L_0x639a238e5080 .arith/sum 32, v0x639a238ce890_0, L_0x799eb949d3c0;
L_0x639a238e51f0 .functor MUXZ 32, L_0x639a238e5080, L_0x639a238e4ef0, v0x639a238ce0d0_0, C4<>;
L_0x639a238e5360 .functor MUXZ 32, L_0x639a238e51f0, L_0x639a238e4dc0, v0x639a238ce310_0, C4<>;
L_0x639a238e5150 .functor MUXZ 32, L_0x639a238e5360, L_0x639a238e4c10, L_0x639a238e4b60, C4<>;
L_0x639a238e5640 .concat [ 3 29 0 0], v0x639a238cee90_0, L_0x799eb949d408;
L_0x639a238e57f0 .cmp/eq 32, L_0x639a238e5640, L_0x799eb949d450;
L_0x639a238e5930 .reduce/nor v0x639a238ce3d0_0;
L_0x639a238e5b40 .concat [ 3 29 0 0], v0x639a238cee90_0, L_0x799eb949d498;
L_0x639a238e5d40 .cmp/eq 32, L_0x639a238e5b40, L_0x799eb949d4e0;
L_0x639a238e66f0 .part v0x639a2389dda0_0, 7, 5;
L_0x639a238e6790 .part v0x639a2389dda0_0, 15, 5;
L_0x639a238e6950 .part v0x639a2389dda0_0, 20, 5;
L_0x639a238e69f0 .part v0x639a2389dda0_0, 0, 7;
L_0x639a238e6bc0 .part v0x639a2389dda0_0, 12, 3;
L_0x639a238e6c90 .part v0x639a2389dda0_0, 25, 7;
L_0x639a238e6e70 .part v0x639a2389dda0_0, 31, 1;
LS_0x639a238e6f40_0_0 .concat [ 1 1 1 1], L_0x639a238e6e70, L_0x639a238e6e70, L_0x639a238e6e70, L_0x639a238e6e70;
LS_0x639a238e6f40_0_4 .concat [ 1 1 1 1], L_0x639a238e6e70, L_0x639a238e6e70, L_0x639a238e6e70, L_0x639a238e6e70;
LS_0x639a238e6f40_0_8 .concat [ 1 1 1 1], L_0x639a238e6e70, L_0x639a238e6e70, L_0x639a238e6e70, L_0x639a238e6e70;
LS_0x639a238e6f40_0_12 .concat [ 1 1 1 1], L_0x639a238e6e70, L_0x639a238e6e70, L_0x639a238e6e70, L_0x639a238e6e70;
LS_0x639a238e6f40_0_16 .concat [ 1 1 1 1], L_0x639a238e6e70, L_0x639a238e6e70, L_0x639a238e6e70, L_0x639a238e6e70;
LS_0x639a238e6f40_1_0 .concat [ 4 4 4 4], LS_0x639a238e6f40_0_0, LS_0x639a238e6f40_0_4, LS_0x639a238e6f40_0_8, LS_0x639a238e6f40_0_12;
LS_0x639a238e6f40_1_4 .concat [ 4 0 0 0], LS_0x639a238e6f40_0_16;
L_0x639a238e6f40 .concat [ 16 4 0 0], LS_0x639a238e6f40_1_0, LS_0x639a238e6f40_1_4;
L_0x639a238e7450 .part v0x639a2389dda0_0, 20, 12;
L_0x639a238e74f0 .concat [ 12 20 0 0], L_0x639a238e7450, L_0x639a238e6f40;
L_0x639a238e7330 .part v0x639a2389dda0_0, 31, 1;
LS_0x639a238e7740_0_0 .concat [ 1 1 1 1], L_0x639a238e7330, L_0x639a238e7330, L_0x639a238e7330, L_0x639a238e7330;
LS_0x639a238e7740_0_4 .concat [ 1 1 1 1], L_0x639a238e7330, L_0x639a238e7330, L_0x639a238e7330, L_0x639a238e7330;
LS_0x639a238e7740_0_8 .concat [ 1 1 1 1], L_0x639a238e7330, L_0x639a238e7330, L_0x639a238e7330, L_0x639a238e7330;
LS_0x639a238e7740_0_12 .concat [ 1 1 1 1], L_0x639a238e7330, L_0x639a238e7330, L_0x639a238e7330, L_0x639a238e7330;
LS_0x639a238e7740_0_16 .concat [ 1 1 1 1], L_0x639a238e7330, L_0x639a238e7330, L_0x639a238e7330, L_0x639a238e7330;
LS_0x639a238e7740_1_0 .concat [ 4 4 4 4], LS_0x639a238e7740_0_0, LS_0x639a238e7740_0_4, LS_0x639a238e7740_0_8, LS_0x639a238e7740_0_12;
LS_0x639a238e7740_1_4 .concat [ 4 0 0 0], LS_0x639a238e7740_0_16;
L_0x639a238e7740 .concat [ 16 4 0 0], LS_0x639a238e7740_1_0, LS_0x639a238e7740_1_4;
L_0x639a238e7be0 .part v0x639a2389dda0_0, 25, 7;
L_0x639a238e7c80 .part v0x639a2389dda0_0, 7, 5;
L_0x639a238e7e70 .concat [ 5 7 20 0], L_0x639a238e7c80, L_0x639a238e7be0, L_0x639a238e7740;
L_0x639a238e8010 .part v0x639a2389dda0_0, 31, 1;
LS_0x639a238e8210_0_0 .concat [ 1 1 1 1], L_0x639a238e8010, L_0x639a238e8010, L_0x639a238e8010, L_0x639a238e8010;
LS_0x639a238e8210_0_4 .concat [ 1 1 1 1], L_0x639a238e8010, L_0x639a238e8010, L_0x639a238e8010, L_0x639a238e8010;
LS_0x639a238e8210_0_8 .concat [ 1 1 1 1], L_0x639a238e8010, L_0x639a238e8010, L_0x639a238e8010, L_0x639a238e8010;
LS_0x639a238e8210_0_12 .concat [ 1 1 1 1], L_0x639a238e8010, L_0x639a238e8010, L_0x639a238e8010, L_0x639a238e8010;
LS_0x639a238e8210_0_16 .concat [ 1 1 1 1], L_0x639a238e8010, L_0x639a238e8010, L_0x639a238e8010, L_0x639a238e8010;
LS_0x639a238e8210_1_0 .concat [ 4 4 4 4], LS_0x639a238e8210_0_0, LS_0x639a238e8210_0_4, LS_0x639a238e8210_0_8, LS_0x639a238e8210_0_12;
LS_0x639a238e8210_1_4 .concat [ 4 0 0 0], LS_0x639a238e8210_0_16;
L_0x639a238e8210 .concat [ 16 4 0 0], LS_0x639a238e8210_1_0, LS_0x639a238e8210_1_4;
L_0x639a238e85c0 .part v0x639a2389dda0_0, 7, 1;
L_0x639a238e87d0 .part v0x639a2389dda0_0, 25, 6;
L_0x639a238e8870 .part v0x639a2389dda0_0, 8, 4;
LS_0x639a238e8af0_0_0 .concat [ 1 4 6 1], L_0x799eb949d528, L_0x639a238e8870, L_0x639a238e87d0, L_0x639a238e85c0;
LS_0x639a238e8af0_0_4 .concat [ 20 0 0 0], L_0x639a238e8210;
L_0x639a238e8af0 .concat [ 12 20 0 0], LS_0x639a238e8af0_0_0, LS_0x639a238e8af0_0_4;
L_0x639a238e8d00 .part v0x639a2389dda0_0, 12, 20;
L_0x639a238e9140 .concat [ 12 20 0 0], L_0x799eb949d570, L_0x639a238e8d00;
L_0x639a238e9280 .part v0x639a2389dda0_0, 31, 1;
LS_0x639a238e94c0_0_0 .concat [ 1 1 1 1], L_0x639a238e9280, L_0x639a238e9280, L_0x639a238e9280, L_0x639a238e9280;
LS_0x639a238e94c0_0_4 .concat [ 1 1 1 1], L_0x639a238e9280, L_0x639a238e9280, L_0x639a238e9280, L_0x639a238e9280;
LS_0x639a238e94c0_0_8 .concat [ 1 1 1 0], L_0x639a238e9280, L_0x639a238e9280, L_0x639a238e9280;
L_0x639a238e94c0 .concat [ 4 4 3 0], LS_0x639a238e94c0_0_0, LS_0x639a238e94c0_0_4, LS_0x639a238e94c0_0_8;
L_0x639a238e95b0 .part v0x639a2389dda0_0, 31, 1;
L_0x639a238e9800 .part v0x639a2389dda0_0, 12, 8;
L_0x639a238e98a0 .part v0x639a2389dda0_0, 20, 1;
L_0x639a238e9b00 .part v0x639a2389dda0_0, 21, 10;
LS_0x639a238e9c00_0_0 .concat [ 1 10 1 8], L_0x799eb949d5b8, L_0x639a238e9b00, L_0x639a238e98a0, L_0x639a238e9800;
LS_0x639a238e9c00_0_4 .concat [ 1 11 0 0], L_0x639a238e95b0, L_0x639a238e94c0;
L_0x639a238e9c00 .concat [ 20 12 0 0], LS_0x639a238e9c00_0_0, LS_0x639a238e9c00_0_4;
S_0x639a23831410 .scope module, "hex0" "dec7seg" 3 34, 5 1 0, S_0x639a2387cb30;
 .timescale 0 0;
    .port_info 0 /INPUT 4 "hex";
    .port_info 1 /OUTPUT 7 "segs";
v0x639a238cf2f0_0 .net "hex", 3 0, L_0x639a238ea3c0;  1 drivers
v0x639a238cf3f0_0 .var "segs", 6 0;
E_0x639a238ad9e0 .event anyedge, v0x639a238cf2f0_0;
S_0x639a238cf530 .scope module, "hex1" "dec7seg" 3 35, 5 1 0, S_0x639a2387cb30;
 .timescale 0 0;
    .port_info 0 /INPUT 4 "hex";
    .port_info 1 /OUTPUT 7 "segs";
v0x639a238cf7b0_0 .net "hex", 3 0, L_0x639a238ea4a0;  1 drivers
v0x639a238cf8b0_0 .var "segs", 6 0;
E_0x639a238cf750 .event anyedge, v0x639a238cf7b0_0;
S_0x639a238cf9f0 .scope module, "hex2" "dec7seg" 3 36, 5 1 0, S_0x639a2387cb30;
 .timescale 0 0;
    .port_info 0 /INPUT 4 "hex";
    .port_info 1 /OUTPUT 7 "segs";
v0x639a238cfc90_0 .net "hex", 3 0, L_0x639a238ea590;  1 drivers
v0x639a238cfd90_0 .var "segs", 6 0;
E_0x639a238cfc10 .event anyedge, v0x639a238cfc90_0;
S_0x639a238cfed0 .scope module, "hex3" "dec7seg" 3 37, 5 1 0, S_0x639a2387cb30;
 .timescale 0 0;
    .port_info 0 /INPUT 4 "hex";
    .port_info 1 /OUTPUT 7 "segs";
v0x639a238d01c0_0 .net "hex", 3 0, L_0x639a238ea680;  1 drivers
v0x639a238d02c0_0 .var "segs", 6 0;
E_0x639a238d0140 .event anyedge, v0x639a238d01c0_0;
S_0x639a238d0400 .scope module, "hex4" "dec7seg" 3 38, 5 1 0, S_0x639a2387cb30;
 .timescale 0 0;
    .port_info 0 /INPUT 4 "hex";
    .port_info 1 /OUTPUT 7 "segs";
v0x639a238d06a0_0 .net "hex", 3 0, L_0x639a238ea720;  1 drivers
v0x639a238d07a0_0 .var "segs", 6 0;
E_0x639a238d0620 .event anyedge, v0x639a238d06a0_0;
S_0x639a238d08e0 .scope module, "hex5" "dec7seg" 3 39, 5 1 0, S_0x639a2387cb30;
 .timescale 0 0;
    .port_info 0 /INPUT 4 "hex";
    .port_info 1 /OUTPUT 7 "segs";
v0x639a238d0b80_0 .net "hex", 3 0, L_0x639a238ea820;  1 drivers
v0x639a238d0c80_0 .var "segs", 6 0;
E_0x639a238d0b00 .event anyedge, v0x639a238d0b80_0;
S_0x639a238d0dc0 .scope module, "memory" "mem" 3 24, 6 1 0, S_0x639a2387cb30;
 .timescale 0 0;
    .port_info 0 /INPUT 1 "clk";
    .port_info 1 /INPUT 1 "we";
    .port_info 2 /INPUT 32 "address";
    .port_info 3 /INPUT 32 "writedata";
    .port_info 4 /OUTPUT 32 "readdata";
v0x639a238d0fa0 .array "RAM", 255 0, 31 0;
v0x639a238d1060_0 .net "address", 31 0, L_0x639a238e45c0;  alias, 1 drivers
v0x639a238d1120_0 .net "clk", 0 0, L_0x639a238d3210;  alias, 1 drivers
v0x639a238d1220_0 .var "readdata", 31 0;
v0x639a238d12c0_0 .net "we", 0 0, L_0x639a238e4660;  alias, 1 drivers
v0x639a238d13b0_0 .net "writedata", 31 0, L_0x639a238ea140;  1 drivers
    .scope S_0x639a238395d0;
T_0 ;
    %pushi/vec4 0, 0, 32;
    %store/vec4 v0x639a238ce890_0, 0, 32;
    %pushi/vec4 0, 0, 3;
    %store/vec4 v0x639a238cee90_0, 0, 3;
    %end;
    .thread T_0, $init;
    .scope S_0x639a238395d0;
T_1 ;
    %wait E_0x639a2382b900;
    %pushi/vec4 0, 0, 1;
    %store/vec4 v0x639a238ce550_0, 0, 1;
    %pushi/vec4 0, 0, 1;
    %store/vec4 v0x639a238ce250_0, 0, 1;
    %pushi/vec4 0, 0, 1;
    %store/vec4 v0x639a238ce610_0, 0, 1;
    %pushi/vec4 0, 0, 1;
    %store/vec4 v0x639a238ce3d0_0, 0, 1;
    %pushi/vec4 0, 0, 1;
    %store/vec4 v0x639a238ce490_0, 0, 1;
    %pushi/vec4 0, 0, 1;
    %store/vec4 v0x639a238ce0d0_0, 0, 1;
    %pushi/vec4 0, 0, 1;
    %store/vec4 v0x639a238ce190_0, 0, 1;
    %pushi/vec4 0, 0, 1;
    %store/vec4 v0x639a238ce310_0, 0, 1;
    %pushi/vec4 0, 0, 1;
    %store/vec4 v0x639a238cef70_0, 0, 1;
    %load/vec4 v0x639a238ce7b0_0;
    %dup/vec4;
    %pushi/vec4 51, 0, 7;
    %cmp/u;
    %jmp/1 T_1.0, 6;
    %dup/vec4;
    %pushi/vec4 19, 0, 7;
    %cmp/u;
    %jmp/1 T_1.1, 6;
    %dup/vec4;
    %pushi/vec4 35, 0, 7;
    %cmp/u;
    %jmp/1 T_1.2, 6;
    %dup/vec4;
    %pushi/vec4 55, 0, 7;
    %cmp/u;
    %jmp/1 T_1.3, 6;
    %dup/vec4;
    %pushi/vec4 23, 0, 7;
    %cmp/u;
    %jmp/1 T_1.4, 6;
    %dup/vec4;
    %pushi/vec4 3, 0, 7;
    %cmp/u;
    %jmp/1 T_1.5, 6;
    %dup/vec4;
    %pushi/vec4 99, 0, 7;
    %cmp/u;
    %jmp/1 T_1.6, 6;
    %dup/vec4;
    %pushi/vec4 111, 0, 7;
    %cmp/u;
    %jmp/1 T_1.7, 6;
    %jmp T_1.8;
T_1.0 ;
    %pushi/vec4 1, 0, 1;
    %store/vec4 v0x639a238ce550_0, 0, 1;
    %jmp T_1.8;
T_1.1 ;
    %pushi/vec4 1, 0, 1;
    %store/vec4 v0x639a238ce250_0, 0, 1;
    %jmp T_1.8;
T_1.2 ;
    %pushi/vec4 1, 0, 1;
    %store/vec4 v0x639a238ce610_0, 0, 1;
    %jmp T_1.8;
T_1.3 ;
    %pushi/vec4 1, 0, 1;
    %store/vec4 v0x639a238ce490_0, 0, 1;
    %jmp T_1.8;
T_1.4 ;
    %pushi/vec4 1, 0, 1;
    %store/vec4 v0x639a238ce0d0_0, 0, 1;
    %jmp T_1.8;
T_1.5 ;
    %pushi/vec4 1, 0, 1;
    %store/vec4 v0x639a238ce3d0_0, 0, 1;
    %jmp T_1.8;
T_1.6 ;
    %pushi/vec4 1, 0, 1;
    %store/vec4 v0x639a238ce190_0, 0, 1;
    %jmp T_1.8;
T_1.7 ;
    %pushi/vec4 1, 0, 1;
    %store/vec4 v0x639a238ce310_0, 0, 1;
    %jmp T_1.8;
T_1.8 ;
    %pop/vec4 1;
    %load/vec4 v0x639a238cdab0_0;
    %dup/vec4;
    %pushi/vec4 0, 0, 3;
    %cmp/u;
    %jmp/1 T_1.9, 6;
    %dup/vec4;
    %pushi/vec4 1, 0, 3;
    %cmp/u;
    %jmp/1 T_1.10, 6;
    %dup/vec4;
    %pushi/vec4 4, 0, 3;
    %cmp/u;
    %jmp/1 T_1.11, 6;
    %dup/vec4;
    %pushi/vec4 5, 0, 3;
    %cmp/u;
    %jmp/1 T_1.12, 6;
    %dup/vec4;
    %pushi/vec4 6, 0, 3;
    %cmp/u;
    %jmp/1 T_1.13, 6;
    %dup/vec4;
    %pushi/vec4 7, 0, 3;
    %cmp/u;
    %jmp/1 T_1.14, 6;
    %jmp T_1.15;
T_1.9 ;
    %load/vec4 v0x639a238c8e10_0;
    %load/vec4 v0x639a238c8ed0_0;
    %cmp/e;
    %flag_get/vec4 4;
    %store/vec4 v0x639a238cef70_0, 0, 1;
    %jmp T_1.15;
T_1.10 ;
    %load/vec4 v0x639a238c8e10_0;
    %load/vec4 v0x639a238c8ed0_0;
    %cmp/ne;
    %flag_get/vec4 4;
    %store/vec4 v0x639a238cef70_0, 0, 1;
    %jmp T_1.15;
T_1.11 ;
    %load/vec4 v0x639a238c8e10_0;
    %load/vec4 v0x639a238c8ed0_0;
    %cmp/s;
    %flag_get/vec4 5;
    %store/vec4 v0x639a238cef70_0, 0, 1;
    %jmp T_1.15;
T_1.12 ;
    %load/vec4 v0x639a238c8ed0_0;
    %load/vec4 v0x639a238c8e10_0;
    %cmp/s;
    %flag_get/vec4 4;
    %flag_get/vec4 5;
    %or;
    %store/vec4 v0x639a238cef70_0, 0, 1;
    %jmp T_1.15;
T_1.13 ;
    %load/vec4 v0x639a238c8e10_0;
    %load/vec4 v0x639a238c8ed0_0;
    %cmp/u;
    %flag_get/vec4 5;
    %store/vec4 v0x639a238cef70_0, 0, 1;
    %jmp T_1.15;
T_1.14 ;
    %load/vec4 v0x639a238c8ed0_0;
    %load/vec4 v0x639a238c8e10_0;
    %cmp/u;
    %flag_get/vec4 4;
    %flag_get/vec4 5;
    %or;
    %store/vec4 v0x639a238cef70_0, 0, 1;
    %jmp T_1.15;
T_1.15 ;
    %pop/vec4 1;
    %load/vec4 v0x639a238ce550_0;
    %flag_set/vec4 8;
    %jmp/0xz  T_1.16, 8;
    %load/vec4 v0x639a238cdb90_0;
    %cmpi/e 0, 0, 7;
    %jmp/0xz  T_1.18, 4;
    %load/vec4 v0x639a238cdab0_0;
    %dup/vec4;
    %pushi/vec4 0, 0, 3;
    %cmp/u;
    %jmp/1 T_1.20, 6;
    %dup/vec4;
    %pushi/vec4 1, 0, 3;
    %cmp/u;
    %jmp/1 T_1.21, 6;
    %dup/vec4;
    %pushi/vec4 2, 0, 3;
    %cmp/u;
    %jmp/1 T_1.22, 6;
    %dup/vec4;
    %pushi/vec4 3, 0, 3;
    %cmp/u;
    %jmp/1 T_1.23, 6;
    %dup/vec4;
    %pushi/vec4 4, 0, 3;
    %cmp/u;
    %jmp/1 T_1.24, 6;
    %dup/vec4;
    %pushi/vec4 5, 0, 3;
    %cmp/u;
    %jmp/1 T_1.25, 6;
    %dup/vec4;
    %pushi/vec4 6, 0, 3;
    %cmp/u;
    %jmp/1 T_1.26, 6;
    %dup/vec4;
    %pushi/vec4 7, 0, 3;
    %cmp/u;
    %jmp/1 T_1.27, 6;
    %jmp T_1.28;
T_1.20 ;
    %load/vec4 v0x639a238c8e10_0;
    %load/vec4 v0x639a238c8ed0_0;
    %add;
    %store/vec4 v0x639a238c90e0_0, 0, 32;
    %jmp T_1.28;
T_1.21 ;
    %load/vec4 v0x639a238c8e10_0;
    %load/vec4 v0x639a238c8ed0_0;
    %parti/s 5, 0, 2;
    %ix/vec4 4;
    %shiftl 4;
    %store/vec4 v0x639a238c90e0_0, 0, 32;
    %jmp T_1.28;
T_1.22 ;
    %load/vec4 v0x639a238c8e10_0;
    %load/vec4 v0x639a238c8ed0_0;
    %cmp/s;
    %flag_mov 8, 5;
    %jmp/0 T_1.29, 8;
    %pushi/vec4 1, 0, 32;
    %jmp/1 T_1.30, 8;
T_1.29 ; End of true expr.
    %pushi/vec4 0, 0, 32;
    %jmp/0 T_1.30, 8;
 ; End of false expr.
    %blend;
T_1.30;
    %store/vec4 v0x639a238c90e0_0, 0, 32;
    %jmp T_1.28;
T_1.23 ;
    %load/vec4 v0x639a238c8e10_0;
    %load/vec4 v0x639a238c8ed0_0;
    %cmp/u;
    %flag_mov 8, 5;
    %jmp/0 T_1.31, 8;
    %pushi/vec4 1, 0, 32;
    %jmp/1 T_1.32, 8;
T_1.31 ; End of true expr.
    %pushi/vec4 0, 0, 32;
    %jmp/0 T_1.32, 8;
 ; End of false expr.
    %blend;
T_1.32;
    %store/vec4 v0x639a238c90e0_0, 0, 32;
    %jmp T_1.28;
T_1.24 ;
    %load/vec4 v0x639a238c8e10_0;
    %load/vec4 v0x639a238c8ed0_0;
    %xor;
    %store/vec4 v0x639a238c90e0_0, 0, 32;
    %jmp T_1.28;
T_1.25 ;
    %load/vec4 v0x639a238c8e10_0;
    %load/vec4 v0x639a238c8ed0_0;
    %parti/s 5, 0, 2;
    %ix/vec4 4;
    %shiftr 4;
    %store/vec4 v0x639a238c90e0_0, 0, 32;
    %jmp T_1.28;
T_1.26 ;
    %load/vec4 v0x639a238c8e10_0;
    %load/vec4 v0x639a238c8ed0_0;
    %or;
    %store/vec4 v0x639a238c90e0_0, 0, 32;
    %jmp T_1.28;
T_1.27 ;
    %load/vec4 v0x639a238c8e10_0;
    %load/vec4 v0x639a238c8ed0_0;
    %and;
    %store/vec4 v0x639a238c90e0_0, 0, 32;
    %jmp T_1.28;
T_1.28 ;
    %pop/vec4 1;
    %jmp T_1.19;
T_1.18 ;
    %load/vec4 v0x639a238cdb90_0;
    %cmpi/e 32, 0, 7;
    %jmp/0xz  T_1.33, 4;
    %load/vec4 v0x639a238cdab0_0;
    %dup/vec4;
    %pushi/vec4 0, 0, 3;
    %cmp/u;
    %jmp/1 T_1.35, 6;
    %dup/vec4;
    %pushi/vec4 5, 0, 3;
    %cmp/u;
    %jmp/1 T_1.36, 6;
    %jmp T_1.37;
T_1.35 ;
    %load/vec4 v0x639a238c8e10_0;
    %load/vec4 v0x639a238c8ed0_0;
    %sub;
    %store/vec4 v0x639a238c90e0_0, 0, 32;
    %jmp T_1.37;
T_1.36 ;
    %load/vec4 v0x639a238c8e10_0;
    %load/vec4 v0x639a238c8ed0_0;
    %parti/s 5, 0, 2;
    %ix/vec4 4;
    %shiftr/s 4;
    %store/vec4 v0x639a238c90e0_0, 0, 32;
    %jmp T_1.37;
T_1.37 ;
    %pop/vec4 1;
T_1.33 ;
T_1.19 ;
    %jmp T_1.17;
T_1.16 ;
    %load/vec4 v0x639a238ce250_0;
    %flag_set/vec4 8;
    %jmp/0xz  T_1.38, 8;
    %load/vec4 v0x639a238cdab0_0;
    %dup/vec4;
    %pushi/vec4 0, 0, 3;
    %cmp/u;
    %jmp/1 T_1.40, 6;
    %dup/vec4;
    %pushi/vec4 2, 0, 3;
    %cmp/u;
    %jmp/1 T_1.41, 6;
    %dup/vec4;
    %pushi/vec4 3, 0, 3;
    %cmp/u;
    %jmp/1 T_1.42, 6;
    %dup/vec4;
    %pushi/vec4 4, 0, 3;
    %cmp/u;
    %jmp/1 T_1.43, 6;
    %dup/vec4;
    %pushi/vec4 6, 0, 3;
    %cmp/u;
    %jmp/1 T_1.44, 6;
    %dup/vec4;
    %pushi/vec4 7, 0, 3;
    %cmp/u;
    %jmp/1 T_1.45, 6;
    %dup/vec4;
    %pushi/vec4 1, 0, 3;
    %cmp/u;
    %jmp/1 T_1.46, 6;
    %dup/vec4;
    %pushi/vec4 5, 0, 3;
    %cmp/u;
    %jmp/1 T_1.47, 6;
    %jmp T_1.48;
T_1.40 ;
    %load/vec4 v0x639a238c8e10_0;
    %load/vec4 v0x639a238cdd50_0;
    %add;
    %store/vec4 v0x639a238c90e0_0, 0, 32;
    %jmp T_1.48;
T_1.41 ;
    %load/vec4 v0x639a238c8e10_0;
    %load/vec4 v0x639a238cdd50_0;
    %cmp/s;
    %flag_mov 8, 5;
    %jmp/0 T_1.49, 8;
    %pushi/vec4 1, 0, 32;
    %jmp/1 T_1.50, 8;
T_1.49 ; End of true expr.
    %pushi/vec4 0, 0, 32;
    %jmp/0 T_1.50, 8;
 ; End of false expr.
    %blend;
T_1.50;
    %store/vec4 v0x639a238c90e0_0, 0, 32;
    %jmp T_1.48;
T_1.42 ;
    %load/vec4 v0x639a238c8e10_0;
    %load/vec4 v0x639a238cdd50_0;
    %cmp/u;
    %flag_mov 8, 5;
    %jmp/0 T_1.51, 8;
    %pushi/vec4 1, 0, 32;
    %jmp/1 T_1.52, 8;
T_1.51 ; End of true expr.
    %pushi/vec4 0, 0, 32;
    %jmp/0 T_1.52, 8;
 ; End of false expr.
    %blend;
T_1.52;
    %store/vec4 v0x639a238c90e0_0, 0, 32;
    %jmp T_1.48;
T_1.43 ;
    %load/vec4 v0x639a238c8e10_0;
    %load/vec4 v0x639a238cdd50_0;
    %xor;
    %store/vec4 v0x639a238c90e0_0, 0, 32;
    %jmp T_1.48;
T_1.44 ;
    %load/vec4 v0x639a238c8e10_0;
    %load/vec4 v0x639a238cdd50_0;
    %or;
    %store/vec4 v0x639a238c90e0_0, 0, 32;
    %jmp T_1.48;
T_1.45 ;
    %load/vec4 v0x639a238c8e10_0;
    %load/vec4 v0x639a238cdd50_0;
    %and;
    %store/vec4 v0x639a238c90e0_0, 0, 32;
    %jmp T_1.48;
T_1.46 ;
    %load/vec4 v0x639a238c8e10_0;
    %load/vec4 v0x639a238cdd50_0;
    %parti/s 5, 0, 2;
    %ix/vec4 4;
    %shiftl 4;
    %store/vec4 v0x639a238c90e0_0, 0, 32;
    %jmp T_1.48;
T_1.47 ;
    %load/vec4 v0x639a238cdb90_0;
    %cmpi/e 0, 0, 7;
    %jmp/0xz  T_1.53, 4;
    %load/vec4 v0x639a238c8e10_0;
    %load/vec4 v0x639a238cdd50_0;
    %parti/s 5, 0, 2;
    %ix/vec4 4;
    %shiftr 4;
    %store/vec4 v0x639a238c90e0_0, 0, 32;
    %jmp T_1.54;
T_1.53 ;
    %load/vec4 v0x639a238cdb90_0;
    %cmpi/e 32, 0, 7;
    %jmp/0xz  T_1.55, 4;
    %load/vec4 v0x639a238c8e10_0;
    %load/vec4 v0x639a238cdd50_0;
    %parti/s 5, 0, 2;
    %ix/vec4 4;
    %shiftr/s 4;
    %store/vec4 v0x639a238c90e0_0, 0, 32;
T_1.55 ;
T_1.54 ;
    %jmp T_1.48;
T_1.48 ;
    %pop/vec4 1;
    %jmp T_1.39;
T_1.38 ;
    %load/vec4 v0x639a238ce490_0;
    %flag_set/vec4 8;
    %jmp/1 T_1.59, 8;
    %load/vec4 v0x639a238ce0d0_0;
    %flag_set/vec4 9;
    %flag_or 8, 9;
T_1.59;
    %jmp/0xz  T_1.57, 8;
    %load/vec4 v0x639a238cdff0_0;
    %store/vec4 v0x639a238c90e0_0, 0, 32;
    %jmp T_1.58;
T_1.57 ;
    %load/vec4 v0x639a238ce310_0;
    %flag_set/vec4 8;
    %jmp/0xz  T_1.60, 8;
    %load/vec4 v0x639a238ce890_0;
    %addi 4, 0, 32;
    %store/vec4 v0x639a238c90e0_0, 0, 32;
    %jmp T_1.61;
T_1.60 ;
    %load/vec4 v0x639a238ce190_0;
    %flag_set/vec4 8;
    %jmp/0xz  T_1.62, 8;
    %load/vec4 v0x639a238cdc70_0;
    %store/vec4 v0x639a238c90e0_0, 0, 32;
    %jmp T_1.63;
T_1.62 ;
    %load/vec4 v0x639a238ce3d0_0;
    %flag_set/vec4 8;
    %jmp/0xz  T_1.64, 8;
    %load/vec4 v0x639a238c8e10_0;
    %load/vec4 v0x639a238cdd50_0;
    %add;
    %store/vec4 v0x639a238cea50_0, 0, 32;
    %load/vec4 v0x639a238cdab0_0;
    %dup/vec4;
    %pushi/vec4 0, 0, 3;
    %cmp/u;
    %jmp/1 T_1.66, 6;
    %dup/vec4;
    %pushi/vec4 1, 0, 3;
    %cmp/u;
    %jmp/1 T_1.67, 6;
    %dup/vec4;
    %pushi/vec4 2, 0, 3;
    %cmp/u;
    %jmp/1 T_1.68, 6;
    %dup/vec4;
    %pushi/vec4 4, 0, 3;
    %cmp/u;
    %jmp/1 T_1.69, 6;
    %dup/vec4;
    %pushi/vec4 5, 0, 3;
    %cmp/u;
    %jmp/1 T_1.70, 6;
    %jmp T_1.71;
T_1.66 ;
    %load/vec4 v0x639a238cea50_0;
    %parti/s 2, 0, 2;
    %dup/vec4;
    %pushi/vec4 0, 0, 2;
    %cmp/u;
    %jmp/1 T_1.72, 6;
    %dup/vec4;
    %pushi/vec4 1, 0, 2;
    %cmp/u;
    %jmp/1 T_1.73, 6;
    %dup/vec4;
    %pushi/vec4 2, 0, 2;
    %cmp/u;
    %jmp/1 T_1.74, 6;
    %dup/vec4;
    %pushi/vec4 3, 0, 2;
    %cmp/u;
    %jmp/1 T_1.75, 6;
    %jmp T_1.76;
T_1.72 ;
    %load/vec4 v0x639a238ceb30_0;
    %parti/s 1, 7, 4;
    %replicate 24;
    %load/vec4 v0x639a238ceb30_0;
    %parti/s 8, 0, 2;
    %concat/vec4; draw_concat_vec4
    %store/vec4 v0x639a238c90e0_0, 0, 32;
    %jmp T_1.76;
T_1.73 ;
    %load/vec4 v0x639a238ceb30_0;
    %parti/s 1, 15, 5;
    %replicate 24;
    %load/vec4 v0x639a238ceb30_0;
    %parti/s 8, 8, 5;
    %concat/vec4; draw_concat_vec4
    %store/vec4 v0x639a238c90e0_0, 0, 32;
    %jmp T_1.76;
T_1.74 ;
    %load/vec4 v0x639a238ceb30_0;
    %parti/s 1, 23, 6;
    %replicate 24;
    %load/vec4 v0x639a238ceb30_0;
    %parti/s 8, 16, 6;
    %concat/vec4; draw_concat_vec4
    %store/vec4 v0x639a238c90e0_0, 0, 32;
    %jmp T_1.76;
T_1.75 ;
    %load/vec4 v0x639a238ceb30_0;
    %parti/s 1, 31, 6;
    %replicate 24;
    %load/vec4 v0x639a238ceb30_0;
    %parti/s 8, 24, 6;
    %concat/vec4; draw_concat_vec4
    %store/vec4 v0x639a238c90e0_0, 0, 32;
    %jmp T_1.76;
T_1.76 ;
    %pop/vec4 1;
    %jmp T_1.71;
T_1.67 ;
    %load/vec4 v0x639a238cea50_0;
    %parti/s 1, 1, 2;
    %dup/vec4;
    %pushi/vec4 0, 0, 1;
    %cmp/u;
    %jmp/1 T_1.77, 6;
    %dup/vec4;
    %pushi/vec4 1, 0, 1;
    %cmp/u;
    %jmp/1 T_1.78, 6;
    %jmp T_1.79;
T_1.77 ;
    %load/vec4 v0x639a238ceb30_0;
    %parti/s 1, 15, 5;
    %replicate 16;
    %load/vec4 v0x639a238ceb30_0;
    %parti/s 16, 0, 2;
    %concat/vec4; draw_concat_vec4
    %store/vec4 v0x639a238c90e0_0, 0, 32;
    %jmp T_1.79;
T_1.78 ;
    %load/vec4 v0x639a238ceb30_0;
    %parti/s 1, 31, 6;
    %replicate 16;
    %load/vec4 v0x639a238ceb30_0;
    %parti/s 16, 16, 6;
    %concat/vec4; draw_concat_vec4
    %store/vec4 v0x639a238c90e0_0, 0, 32;
    %jmp T_1.79;
T_1.79 ;
    %pop/vec4 1;
    %jmp T_1.71;
T_1.68 ;
    %load/vec4 v0x639a238ceb30_0;
    %store/vec4 v0x639a238c90e0_0, 0, 32;
    %jmp T_1.71;
T_1.69 ;
    %load/vec4 v0x639a238cea50_0;
    %parti/s 2, 0, 2;
    %dup/vec4;
    %pushi/vec4 0, 0, 2;
    %cmp/u;
    %jmp/1 T_1.80, 6;
    %dup/vec4;
    %pushi/vec4 1, 0, 2;
    %cmp/u;
    %jmp/1 T_1.81, 6;
    %dup/vec4;
    %pushi/vec4 2, 0, 2;
    %cmp/u;
    %jmp/1 T_1.82, 6;
    %dup/vec4;
    %pushi/vec4 3, 0, 2;
    %cmp/u;
    %jmp/1 T_1.83, 6;
    %jmp T_1.84;
T_1.80 ;
    %pushi/vec4 0, 0, 24;
    %load/vec4 v0x639a238ceb30_0;
    %parti/s 8, 0, 2;
    %concat/vec4; draw_concat_vec4
    %store/vec4 v0x639a238c90e0_0, 0, 32;
    %jmp T_1.84;
T_1.81 ;
    %pushi/vec4 0, 0, 24;
    %load/vec4 v0x639a238ceb30_0;
    %parti/s 8, 8, 5;
    %concat/vec4; draw_concat_vec4
    %store/vec4 v0x639a238c90e0_0, 0, 32;
    %jmp T_1.84;
T_1.82 ;
    %pushi/vec4 0, 0, 24;
    %load/vec4 v0x639a238ceb30_0;
    %parti/s 8, 16, 6;
    %concat/vec4; draw_concat_vec4
    %store/vec4 v0x639a238c90e0_0, 0, 32;
    %jmp T_1.84;
T_1.83 ;
    %pushi/vec4 0, 0, 24;
    %load/vec4 v0x639a238ceb30_0;
    %parti/s 8, 24, 6;
    %concat/vec4; draw_concat_vec4
    %store/vec4 v0x639a238c90e0_0, 0, 32;
    %jmp T_1.84;
T_1.84 ;
    %pop/vec4 1;
    %jmp T_1.71;
T_1.70 ;
    %load/vec4 v0x639a238cea50_0;
    %parti/s 1, 1, 2;
    %dup/vec4;
    %pushi/vec4 0, 0, 1;
    %cmp/u;
    %jmp/1 T_1.85, 6;
    %dup/vec4;
    %pushi/vec4 1, 0, 1;
    %cmp/u;
    %jmp/1 T_1.86, 6;
    %jmp T_1.87;
T_1.85 ;
    %pushi/vec4 0, 0, 16;
    %load/vec4 v0x639a238ceb30_0;
    %parti/s 16, 0, 2;
    %concat/vec4; draw_concat_vec4
    %store/vec4 v0x639a238c90e0_0, 0, 32;
    %jmp T_1.87;
T_1.86 ;
    %pushi/vec4 0, 0, 16;
    %load/vec4 v0x639a238ceb30_0;
    %parti/s 16, 16, 6;
    %concat/vec4; draw_concat_vec4
    %store/vec4 v0x639a238c90e0_0, 0, 32;
    %jmp T_1.87;
T_1.87 ;
    %pop/vec4 1;
    %jmp T_1.71;
T_1.71 ;
    %pop/vec4 1;
    %jmp T_1.65;
T_1.64 ;
    %load/vec4 v0x639a238ce610_0;
    %flag_set/vec4 8;
    %jmp/0xz  T_1.88, 8;
    %load/vec4 v0x639a238c8e10_0;
    %load/vec4 v0x639a238cdf10_0;
    %add;
    %store/vec4 v0x639a238cea50_0, 0, 32;
    %load/vec4 v0x639a238cdab0_0;
    %dup/vec4;
    %pushi/vec4 0, 0, 3;
    %cmp/u;
    %jmp/1 T_1.90, 6;
    %dup/vec4;
    %pushi/vec4 1, 0, 3;
    %cmp/u;
    %jmp/1 T_1.91, 6;
    %dup/vec4;
    %pushi/vec4 2, 0, 3;
    %cmp/u;
    %jmp/1 T_1.92, 6;
    %jmp T_1.93;
T_1.90 ;
    %pushi/vec4 0, 0, 24;
    %load/vec4 v0x639a238c8ed0_0;
    %parti/s 8, 0, 2;
    %concat/vec4; draw_concat_vec4
    %store/vec4 v0x639a238c90e0_0, 0, 32;
    %jmp T_1.93;
T_1.91 ;
    %load/vec4 v0x639a238cea50_0;
    %parti/s 1, 1, 2;
    %dup/vec4;
    %pushi/vec4 0, 0, 1;
    %cmp/u;
    %jmp/1 T_1.94, 6;
    %dup/vec4;
    %pushi/vec4 1, 0, 1;
    %cmp/u;
    %jmp/1 T_1.95, 6;
    %jmp T_1.96;
T_1.94 ;
    %pushi/vec4 0, 0, 16;
    %load/vec4 v0x639a238c8ed0_0;
    %parti/s 16, 0, 2;
    %concat/vec4; draw_concat_vec4
    %store/vec4 v0x639a238c90e0_0, 0, 32;
    %jmp T_1.96;
T_1.95 ;
    %pushi/vec4 0, 0, 16;
    %load/vec4 v0x639a238c8ed0_0;
    %parti/s 16, 16, 6;
    %concat/vec4; draw_concat_vec4
    %store/vec4 v0x639a238c90e0_0, 0, 32;
    %jmp T_1.96;
T_1.96 ;
    %pop/vec4 1;
    %jmp T_1.93;
T_1.92 ;
    %load/vec4 v0x639a238c8ed0_0;
    %store/vec4 v0x639a238c90e0_0, 0, 32;
    %jmp T_1.93;
T_1.93 ;
    %pop/vec4 1;
T_1.88 ;
T_1.65 ;
T_1.63 ;
T_1.61 ;
T_1.58 ;
T_1.39 ;
T_1.17 ;
    %jmp T_1;
    .thread T_1, $push;
    .scope S_0x639a238395d0;
T_2 ;
    %wait E_0x639a23807f00;
    %load/vec4 v0x639a238cec10_0;
    %flag_set/vec4 8;
    %jmp/0xz  T_2.0, 8;
    %pushi/vec4 0, 0, 32;
    %assign/vec4 v0x639a238ce890_0, 0;
    %pushi/vec4 0, 0, 32;
    %assign/vec4 v0x639a238c8e10_0, 0;
    %pushi/vec4 0, 0, 32;
    %assign/vec4 v0x639a238c8ed0_0, 0;
    %pushi/vec4 0, 0, 3;
    %assign/vec4 v0x639a238cee90_0, 0;
    %pushi/vec4 0, 0, 32;
    %assign/vec4 v0x639a2389dda0_0, 0;
    %jmp T_2.1;
T_2.0 ;
    %load/vec4 v0x639a238c92a0_0;
    %flag_set/vec4 8;
    %jmp/0xz  T_2.2, 8;
    %load/vec4 v0x639a238c91c0_0;
    %load/vec4 v0x639a238ce970_0;
    %pad/u 7;
    %ix/vec4 3;
    %ix/load 4, 0, 0; Constant delay
    %assign/vec4/a/d v0x639a238c8d50, 0, 4;
T_2.2 ;
    %load/vec4 v0x639a238cee90_0;
    %pad/u 32;
    %cmpi/e 0, 0, 32;
    %jmp/0xz  T_2.4, 4;
    %pushi/vec4 1, 0, 3;
    %assign/vec4 v0x639a238cee90_0, 0;
    %jmp T_2.5;
T_2.4 ;
    %load/vec4 v0x639a238cee90_0;
    %pad/u 32;
    %cmpi/e 1, 0, 32;
    %jmp/0xz  T_2.6, 4;
    %load/vec4 v0x639a238ceb30_0;
    %assign/vec4 v0x639a2389dda0_0, 0;
    %pushi/vec4 2, 0, 3;
    %assign/vec4 v0x639a238cee90_0, 0;
    %jmp T_2.7;
T_2.6 ;
    %load/vec4 v0x639a238cee90_0;
    %pad/u 32;
    %cmpi/e 2, 0, 32;
    %jmp/0xz  T_2.8, 4;
    %load/vec4 v0x639a238cecd0_0;
    %pad/u 7;
    %ix/vec4 4;
    %load/vec4a v0x639a238c8d50, 4;
    %assign/vec4 v0x639a238c8e10_0, 0;
    %load/vec4 v0x639a238cedb0_0;
    %pad/u 7;
    %ix/vec4 4;
    %load/vec4a v0x639a238c8d50, 4;
    %assign/vec4 v0x639a238c8ed0_0, 0;
    %pushi/vec4 3, 0, 3;
    %assign/vec4 v0x639a238cee90_0, 0;
    %jmp T_2.9;
T_2.8 ;
    %load/vec4 v0x639a238cee90_0;
    %pad/u 32;
    %cmpi/e 3, 0, 32;
    %jmp/0xz  T_2.10, 4;
    %load/vec4 v0x639a238c90e0_0;
    %assign/vec4 v0x639a238c8fb0_0, 0;
    %load/vec4 v0x639a238ce6d0_0;
    %assign/vec4 v0x639a238ce890_0, 0;
    %load/vec4 v0x639a238ce3d0_0;
    %flag_set/vec4 8;
    %jmp/0xz  T_2.12, 8;
    %pushi/vec4 4, 0, 3;
    %assign/vec4 v0x639a238cee90_0, 0;
    %jmp T_2.13;
T_2.12 ;
    %load/vec4 v0x639a238ce610_0;
    %flag_set/vec4 8;
    %jmp/0xz  T_2.14, 8;
    %pushi/vec4 6, 0, 3;
    %assign/vec4 v0x639a238cee90_0, 0;
    %jmp T_2.15;
T_2.14 ;
    %pushi/vec4 0, 0, 3;
    %assign/vec4 v0x639a238cee90_0, 0;
T_2.15 ;
T_2.13 ;
    %jmp T_2.11;
T_2.10 ;
    %load/vec4 v0x639a238cee90_0;
    %pad/u 32;
    %cmpi/e 4, 0, 32;
    %jmp/0xz  T_2.16, 4;
    %pushi/vec4 5, 0, 3;
    %assign/vec4 v0x639a238cee90_0, 0;
    %jmp T_2.17;
T_2.16 ;
    %load/vec4 v0x639a238cee90_0;
    %pad/u 32;
    %cmpi/e 5, 0, 32;
    %jmp/0xz  T_2.18, 4;
    %pushi/vec4 0, 0, 3;
    %assign/vec4 v0x639a238cee90_0, 0;
    %jmp T_2.19;
T_2.18 ;
    %load/vec4 v0x639a238cee90_0;
    %pad/u 32;
    %cmpi/e 6, 0, 32;
    %jmp/0xz  T_2.20, 4;
    %pushi/vec4 0, 0, 3;
    %assign/vec4 v0x639a238cee90_0, 0;
T_2.20 ;
T_2.19 ;
T_2.17 ;
T_2.11 ;
T_2.9 ;
T_2.7 ;
T_2.5 ;
T_2.1 ;
    %jmp T_2;
    .thread T_2;
    .scope S_0x639a238d0dc0;
T_3 ;
    %vpi_call/w 6 10 "$readmemh", "./riscv.hex", v0x639a238d0fa0 {0 0 0};
    %end;
    .thread T_3;
    .scope S_0x639a238d0dc0;
T_4 ;
    %wait E_0x639a23807f00;
    %load/vec4 v0x639a238d12c0_0;
    %flag_set/vec4 8;
    %jmp/0xz  T_4.0, 8;
    %load/vec4 v0x639a238d13b0_0;
    %load/vec4 v0x639a238d1060_0;
    %parti/s 30, 2, 3;
    %ix/vec4 3;
    %ix/load 4, 0, 0; Constant delay
    %assign/vec4/a/d v0x639a238d0fa0, 0, 4;
T_4.0 ;
    %load/vec4 v0x639a238d1060_0;
    %parti/s 30, 2, 3;
    %ix/vec4 4;
    %load/vec4a v0x639a238d0fa0, 4;
    %assign/vec4 v0x639a238d1220_0, 0;
    %jmp T_4;
    .thread T_4;
    .scope S_0x639a23831410;
T_5 ;
    %wait E_0x639a238ad9e0;
    %load/vec4 v0x639a238cf2f0_0;
    %dup/vec4;
    %pushi/vec4 0, 0, 4;
    %cmp/u;
    %jmp/1 T_5.0, 6;
    %dup/vec4;
    %pushi/vec4 1, 0, 4;
    %cmp/u;
    %jmp/1 T_5.1, 6;
    %dup/vec4;
    %pushi/vec4 2, 0, 4;
    %cmp/u;
    %jmp/1 T_5.2, 6;
    %dup/vec4;
    %pushi/vec4 3, 0, 4;
    %cmp/u;
    %jmp/1 T_5.3, 6;
    %dup/vec4;
    %pushi/vec4 4, 0, 4;
    %cmp/u;
    %jmp/1 T_5.4, 6;
    %dup/vec4;
    %pushi/vec4 5, 0, 4;
    %cmp/u;
    %jmp/1 T_5.5, 6;
    %dup/vec4;
    %pushi/vec4 6, 0, 4;
    %cmp/u;
    %jmp/1 T_5.6, 6;
    %dup/vec4;
    %pushi/vec4 7, 0, 4;
    %cmp/u;
    %jmp/1 T_5.7, 6;
    %dup/vec4;
    %pushi/vec4 8, 0, 4;
    %cmp/u;
    %jmp/1 T_5.8, 6;
    %dup/vec4;
    %pushi/vec4 9, 0, 4;
    %cmp/u;
    %jmp/1 T_5.9, 6;
    %dup/vec4;
    %pushi/vec4 10, 0, 4;
    %cmp/u;
    %jmp/1 T_5.10, 6;
    %dup/vec4;
    %pushi/vec4 11, 0, 4;
    %cmp/u;
    %jmp/1 T_5.11, 6;
    %dup/vec4;
    %pushi/vec4 12, 0, 4;
    %cmp/u;
    %jmp/1 T_5.12, 6;
    %dup/vec4;
    %pushi/vec4 13, 0, 4;
    %cmp/u;
    %jmp/1 T_5.13, 6;
    %dup/vec4;
    %pushi/vec4 14, 0, 4;
    %cmp/u;
    %jmp/1 T_5.14, 6;
    %dup/vec4;
    %pushi/vec4 15, 0, 4;
    %cmp/u;
    %jmp/1 T_5.15, 6;
    %jmp T_5.16;
T_5.0 ;
    %pushi/vec4 64, 0, 7;
    %store/vec4 v0x639a238cf3f0_0, 0, 7;
    %jmp T_5.16;
T_5.1 ;
    %pushi/vec4 121, 0, 7;
    %store/vec4 v0x639a238cf3f0_0, 0, 7;
    %jmp T_5.16;
T_5.2 ;
    %pushi/vec4 36, 0, 7;
    %store/vec4 v0x639a238cf3f0_0, 0, 7;
    %jmp T_5.16;
T_5.3 ;
    %pushi/vec4 48, 0, 7;
    %store/vec4 v0x639a238cf3f0_0, 0, 7;
    %jmp T_5.16;
T_5.4 ;
    %pushi/vec4 25, 0, 7;
    %store/vec4 v0x639a238cf3f0_0, 0, 7;
    %jmp T_5.16;
T_5.5 ;
    %pushi/vec4 18, 0, 7;
    %store/vec4 v0x639a238cf3f0_0, 0, 7;
    %jmp T_5.16;
T_5.6 ;
    %pushi/vec4 2, 0, 7;
    %store/vec4 v0x639a238cf3f0_0, 0, 7;
    %jmp T_5.16;
T_5.7 ;
    %pushi/vec4 120, 0, 7;
    %store/vec4 v0x639a238cf3f0_0, 0, 7;
    %jmp T_5.16;
T_5.8 ;
    %pushi/vec4 0, 0, 7;
    %store/vec4 v0x639a238cf3f0_0, 0, 7;
    %jmp T_5.16;
T_5.9 ;
    %pushi/vec4 16, 0, 7;
    %store/vec4 v0x639a238cf3f0_0, 0, 7;
    %jmp T_5.16;
T_5.10 ;
    %pushi/vec4 8, 0, 7;
    %store/vec4 v0x639a238cf3f0_0, 0, 7;
    %jmp T_5.16;
T_5.11 ;
    %pushi/vec4 3, 0, 7;
    %store/vec4 v0x639a238cf3f0_0, 0, 7;
    %jmp T_5.16;
T_5.12 ;
    %pushi/vec4 70, 0, 7;
    %store/vec4 v0x639a238cf3f0_0, 0, 7;
    %jmp T_5.16;
T_5.13 ;
    %pushi/vec4 33, 0, 7;
    %store/vec4 v0x639a238cf3f0_0, 0, 7;
    %jmp T_5.16;
T_5.14 ;
    %pushi/vec4 6, 0, 7;
    %store/vec4 v0x639a238cf3f0_0, 0, 7;
    %jmp T_5.16;
T_5.15 ;
    %pushi/vec4 14, 0, 7;
    %store/vec4 v0x639a238cf3f0_0, 0, 7;
    %jmp T_5.16;
T_5.16 ;
    %pop/vec4 1;
    %jmp T_5;
    .thread T_5, $push;
    .scope S_0x639a238cf530;
T_6 ;
    %wait E_0x639a238cf750;
    %load/vec4 v0x639a238cf7b0_0;
    %dup/vec4;
    %pushi/vec4 0, 0, 4;
    %cmp/u;
    %jmp/1 T_6.0, 6;
    %dup/vec4;
    %pushi/vec4 1, 0, 4;
    %cmp/u;
    %jmp/1 T_6.1, 6;
    %dup/vec4;
    %pushi/vec4 2, 0, 4;
    %cmp/u;
    %jmp/1 T_6.2, 6;
    %dup/vec4;
    %pushi/vec4 3, 0, 4;
    %cmp/u;
    %jmp/1 T_6.3, 6;
    %dup/vec4;
    %pushi/vec4 4, 0, 4;
    %cmp/u;
    %jmp/1 T_6.4, 6;
    %dup/vec4;
    %pushi/vec4 5, 0, 4;
    %cmp/u;
    %jmp/1 T_6.5, 6;
    %dup/vec4;
    %pushi/vec4 6, 0, 4;
    %cmp/u;
    %jmp/1 T_6.6, 6;
    %dup/vec4;
    %pushi/vec4 7, 0, 4;
    %cmp/u;
    %jmp/1 T_6.7, 6;
    %dup/vec4;
    %pushi/vec4 8, 0, 4;
    %cmp/u;
    %jmp/1 T_6.8, 6;
    %dup/vec4;
    %pushi/vec4 9, 0, 4;
    %cmp/u;
    %jmp/1 T_6.9, 6;
    %dup/vec4;
    %pushi/vec4 10, 0, 4;
    %cmp/u;
    %jmp/1 T_6.10, 6;
    %dup/vec4;
    %pushi/vec4 11, 0, 4;
    %cmp/u;
    %jmp/1 T_6.11, 6;
    %dup/vec4;
    %pushi/vec4 12, 0, 4;
    %cmp/u;
    %jmp/1 T_6.12, 6;
    %dup/vec4;
    %pushi/vec4 13, 0, 4;
    %cmp/u;
    %jmp/1 T_6.13, 6;
    %dup/vec4;
    %pushi/vec4 14, 0, 4;
    %cmp/u;
    %jmp/1 T_6.14, 6;
    %dup/vec4;
    %pushi/vec4 15, 0, 4;
    %cmp/u;
    %jmp/1 T_6.15, 6;
    %jmp T_6.16;
T_6.0 ;
    %pushi/vec4 64, 0, 7;
    %store/vec4 v0x639a238cf8b0_0, 0, 7;
    %jmp T_6.16;
T_6.1 ;
    %pushi/vec4 121, 0, 7;
    %store/vec4 v0x639a238cf8b0_0, 0, 7;
    %jmp T_6.16;
T_6.2 ;
    %pushi/vec4 36, 0, 7;
    %store/vec4 v0x639a238cf8b0_0, 0, 7;
    %jmp T_6.16;
T_6.3 ;
    %pushi/vec4 48, 0, 7;
    %store/vec4 v0x639a238cf8b0_0, 0, 7;
    %jmp T_6.16;
T_6.4 ;
    %pushi/vec4 25, 0, 7;
    %store/vec4 v0x639a238cf8b0_0, 0, 7;
    %jmp T_6.16;
T_6.5 ;
    %pushi/vec4 18, 0, 7;
    %store/vec4 v0x639a238cf8b0_0, 0, 7;
    %jmp T_6.16;
T_6.6 ;
    %pushi/vec4 2, 0, 7;
    %store/vec4 v0x639a238cf8b0_0, 0, 7;
    %jmp T_6.16;
T_6.7 ;
    %pushi/vec4 120, 0, 7;
    %store/vec4 v0x639a238cf8b0_0, 0, 7;
    %jmp T_6.16;
T_6.8 ;
    %pushi/vec4 0, 0, 7;
    %store/vec4 v0x639a238cf8b0_0, 0, 7;
    %jmp T_6.16;
T_6.9 ;
    %pushi/vec4 16, 0, 7;
    %store/vec4 v0x639a238cf8b0_0, 0, 7;
    %jmp T_6.16;
T_6.10 ;
    %pushi/vec4 8, 0, 7;
    %store/vec4 v0x639a238cf8b0_0, 0, 7;
    %jmp T_6.16;
T_6.11 ;
    %pushi/vec4 3, 0, 7;
    %store/vec4 v0x639a238cf8b0_0, 0, 7;
    %jmp T_6.16;
T_6.12 ;
    %pushi/vec4 70, 0, 7;
    %store/vec4 v0x639a238cf8b0_0, 0, 7;
    %jmp T_6.16;
T_6.13 ;
    %pushi/vec4 33, 0, 7;
    %store/vec4 v0x639a238cf8b0_0, 0, 7;
    %jmp T_6.16;
T_6.14 ;
    %pushi/vec4 6, 0, 7;
    %store/vec4 v0x639a238cf8b0_0, 0, 7;
    %jmp T_6.16;
T_6.15 ;
    %pushi/vec4 14, 0, 7;
    %store/vec4 v0x639a238cf8b0_0, 0, 7;
    %jmp T_6.16;
T_6.16 ;
    %pop/vec4 1;
    %jmp T_6;
    .thread T_6, $push;
    .scope S_0x639a238cf9f0;
T_7 ;
    %wait E_0x639a238cfc10;
    %load/vec4 v0x639a238cfc90_0;
    %dup/vec4;
    %pushi/vec4 0, 0, 4;
    %cmp/u;
    %jmp/1 T_7.0, 6;
    %dup/vec4;
    %pushi/vec4 1, 0, 4;
    %cmp/u;
    %jmp/1 T_7.1, 6;
    %dup/vec4;
    %pushi/vec4 2, 0, 4;
    %cmp/u;
    %jmp/1 T_7.2, 6;
    %dup/vec4;
    %pushi/vec4 3, 0, 4;
    %cmp/u;
    %jmp/1 T_7.3, 6;
    %dup/vec4;
    %pushi/vec4 4, 0, 4;
    %cmp/u;
    %jmp/1 T_7.4, 6;
    %dup/vec4;
    %pushi/vec4 5, 0, 4;
    %cmp/u;
    %jmp/1 T_7.5, 6;
    %dup/vec4;
    %pushi/vec4 6, 0, 4;
    %cmp/u;
    %jmp/1 T_7.6, 6;
    %dup/vec4;
    %pushi/vec4 7, 0, 4;
    %cmp/u;
    %jmp/1 T_7.7, 6;
    %dup/vec4;
    %pushi/vec4 8, 0, 4;
    %cmp/u;
    %jmp/1 T_7.8, 6;
    %dup/vec4;
    %pushi/vec4 9, 0, 4;
    %cmp/u;
    %jmp/1 T_7.9, 6;
    %dup/vec4;
    %pushi/vec4 10, 0, 4;
    %cmp/u;
    %jmp/1 T_7.10, 6;
    %dup/vec4;
    %pushi/vec4 11, 0, 4;
    %cmp/u;
    %jmp/1 T_7.11, 6;
    %dup/vec4;
    %pushi/vec4 12, 0, 4;
    %cmp/u;
    %jmp/1 T_7.12, 6;
    %dup/vec4;
    %pushi/vec4 13, 0, 4;
    %cmp/u;
    %jmp/1 T_7.13, 6;
    %dup/vec4;
    %pushi/vec4 14, 0, 4;
    %cmp/u;
    %jmp/1 T_7.14, 6;
    %dup/vec4;
    %pushi/vec4 15, 0, 4;
    %cmp/u;
    %jmp/1 T_7.15, 6;
    %jmp T_7.16;
T_7.0 ;
    %pushi/vec4 64, 0, 7;
    %store/vec4 v0x639a238cfd90_0, 0, 7;
    %jmp T_7.16;
T_7.1 ;
    %pushi/vec4 121, 0, 7;
    %store/vec4 v0x639a238cfd90_0, 0, 7;
    %jmp T_7.16;
T_7.2 ;
    %pushi/vec4 36, 0, 7;
    %store/vec4 v0x639a238cfd90_0, 0, 7;
    %jmp T_7.16;
T_7.3 ;
    %pushi/vec4 48, 0, 7;
    %store/vec4 v0x639a238cfd90_0, 0, 7;
    %jmp T_7.16;
T_7.4 ;
    %pushi/vec4 25, 0, 7;
    %store/vec4 v0x639a238cfd90_0, 0, 7;
    %jmp T_7.16;
T_7.5 ;
    %pushi/vec4 18, 0, 7;
    %store/vec4 v0x639a238cfd90_0, 0, 7;
    %jmp T_7.16;
T_7.6 ;
    %pushi/vec4 2, 0, 7;
    %store/vec4 v0x639a238cfd90_0, 0, 7;
    %jmp T_7.16;
T_7.7 ;
    %pushi/vec4 120, 0, 7;
    %store/vec4 v0x639a238cfd90_0, 0, 7;
    %jmp T_7.16;
T_7.8 ;
    %pushi/vec4 0, 0, 7;
    %store/vec4 v0x639a238cfd90_0, 0, 7;
    %jmp T_7.16;
T_7.9 ;
    %pushi/vec4 16, 0, 7;
    %store/vec4 v0x639a238cfd90_0, 0, 7;
    %jmp T_7.16;
T_7.10 ;
    %pushi/vec4 8, 0, 7;
    %store/vec4 v0x639a238cfd90_0, 0, 7;
    %jmp T_7.16;
T_7.11 ;
    %pushi/vec4 3, 0, 7;
    %store/vec4 v0x639a238cfd90_0, 0, 7;
    %jmp T_7.16;
T_7.12 ;
    %pushi/vec4 70, 0, 7;
    %store/vec4 v0x639a238cfd90_0, 0, 7;
    %jmp T_7.16;
T_7.13 ;
    %pushi/vec4 33, 0, 7;
    %store/vec4 v0x639a238cfd90_0, 0, 7;
    %jmp T_7.16;
T_7.14 ;
    %pushi/vec4 6, 0, 7;
    %store/vec4 v0x639a238cfd90_0, 0, 7;
    %jmp T_7.16;
T_7.15 ;
    %pushi/vec4 14, 0, 7;
    %store/vec4 v0x639a238cfd90_0, 0, 7;
    %jmp T_7.16;
T_7.16 ;
    %pop/vec4 1;
    %jmp T_7;
    .thread T_7, $push;
    .scope S_0x639a238cfed0;
T_8 ;
    %wait E_0x639a238d0140;
    %load/vec4 v0x639a238d01c0_0;
    %dup/vec4;
    %pushi/vec4 0, 0, 4;
    %cmp/u;
    %jmp/1 T_8.0, 6;
    %dup/vec4;
    %pushi/vec4 1, 0, 4;
    %cmp/u;
    %jmp/1 T_8.1, 6;
    %dup/vec4;
    %pushi/vec4 2, 0, 4;
    %cmp/u;
    %jmp/1 T_8.2, 6;
    %dup/vec4;
    %pushi/vec4 3, 0, 4;
    %cmp/u;
    %jmp/1 T_8.3, 6;
    %dup/vec4;
    %pushi/vec4 4, 0, 4;
    %cmp/u;
    %jmp/1 T_8.4, 6;
    %dup/vec4;
    %pushi/vec4 5, 0, 4;
    %cmp/u;
    %jmp/1 T_8.5, 6;
    %dup/vec4;
    %pushi/vec4 6, 0, 4;
    %cmp/u;
    %jmp/1 T_8.6, 6;
    %dup/vec4;
    %pushi/vec4 7, 0, 4;
    %cmp/u;
    %jmp/1 T_8.7, 6;
    %dup/vec4;
    %pushi/vec4 8, 0, 4;
    %cmp/u;
    %jmp/1 T_8.8, 6;
    %dup/vec4;
    %pushi/vec4 9, 0, 4;
    %cmp/u;
    %jmp/1 T_8.9, 6;
    %dup/vec4;
    %pushi/vec4 10, 0, 4;
    %cmp/u;
    %jmp/1 T_8.10, 6;
    %dup/vec4;
    %pushi/vec4 11, 0, 4;
    %cmp/u;
    %jmp/1 T_8.11, 6;
    %dup/vec4;
    %pushi/vec4 12, 0, 4;
    %cmp/u;
    %jmp/1 T_8.12, 6;
    %dup/vec4;
    %pushi/vec4 13, 0, 4;
    %cmp/u;
    %jmp/1 T_8.13, 6;
    %dup/vec4;
    %pushi/vec4 14, 0, 4;
    %cmp/u;
    %jmp/1 T_8.14, 6;
    %dup/vec4;
    %pushi/vec4 15, 0, 4;
    %cmp/u;
    %jmp/1 T_8.15, 6;
    %jmp T_8.16;
T_8.0 ;
    %pushi/vec4 64, 0, 7;
    %store/vec4 v0x639a238d02c0_0, 0, 7;
    %jmp T_8.16;
T_8.1 ;
    %pushi/vec4 121, 0, 7;
    %store/vec4 v0x639a238d02c0_0, 0, 7;
    %jmp T_8.16;
T_8.2 ;
    %pushi/vec4 36, 0, 7;
    %store/vec4 v0x639a238d02c0_0, 0, 7;
    %jmp T_8.16;
T_8.3 ;
    %pushi/vec4 48, 0, 7;
    %store/vec4 v0x639a238d02c0_0, 0, 7;
    %jmp T_8.16;
T_8.4 ;
    %pushi/vec4 25, 0, 7;
    %store/vec4 v0x639a238d02c0_0, 0, 7;
    %jmp T_8.16;
T_8.5 ;
    %pushi/vec4 18, 0, 7;
    %store/vec4 v0x639a238d02c0_0, 0, 7;
    %jmp T_8.16;
T_8.6 ;
    %pushi/vec4 2, 0, 7;
    %store/vec4 v0x639a238d02c0_0, 0, 7;
    %jmp T_8.16;
T_8.7 ;
    %pushi/vec4 120, 0, 7;
    %store/vec4 v0x639a238d02c0_0, 0, 7;
    %jmp T_8.16;
T_8.8 ;
    %pushi/vec4 0, 0, 7;
    %store/vec4 v0x639a238d02c0_0, 0, 7;
    %jmp T_8.16;
T_8.9 ;
    %pushi/vec4 16, 0, 7;
    %store/vec4 v0x639a238d02c0_0, 0, 7;
    %jmp T_8.16;
T_8.10 ;
    %pushi/vec4 8, 0, 7;
    %store/vec4 v0x639a238d02c0_0, 0, 7;
    %jmp T_8.16;
T_8.11 ;
    %pushi/vec4 3, 0, 7;
    %store/vec4 v0x639a238d02c0_0, 0, 7;
    %jmp T_8.16;
T_8.12 ;
    %pushi/vec4 70, 0, 7;
    %store/vec4 v0x639a238d02c0_0, 0, 7;
    %jmp T_8.16;
T_8.13 ;
    %pushi/vec4 33, 0, 7;
    %store/vec4 v0x639a238d02c0_0, 0, 7;
    %jmp T_8.16;
T_8.14 ;
    %pushi/vec4 6, 0, 7;
    %store/vec4 v0x639a238d02c0_0, 0, 7;
    %jmp T_8.16;
T_8.15 ;
    %pushi/vec4 14, 0, 7;
    %store/vec4 v0x639a238d02c0_0, 0, 7;
    %jmp T_8.16;
T_8.16 ;
    %pop/vec4 1;
    %jmp T_8;
    .thread T_8, $push;
    .scope S_0x639a238d0400;
T_9 ;
    %wait E_0x639a238d0620;
    %load/vec4 v0x639a238d06a0_0;
    %dup/vec4;
    %pushi/vec4 0, 0, 4;
    %cmp/u;
    %jmp/1 T_9.0, 6;
    %dup/vec4;
    %pushi/vec4 1, 0, 4;
    %cmp/u;
    %jmp/1 T_9.1, 6;
    %dup/vec4;
    %pushi/vec4 2, 0, 4;
    %cmp/u;
    %jmp/1 T_9.2, 6;
    %dup/vec4;
    %pushi/vec4 3, 0, 4;
    %cmp/u;
    %jmp/1 T_9.3, 6;
    %dup/vec4;
    %pushi/vec4 4, 0, 4;
    %cmp/u;
    %jmp/1 T_9.4, 6;
    %dup/vec4;
    %pushi/vec4 5, 0, 4;
    %cmp/u;
    %jmp/1 T_9.5, 6;
    %dup/vec4;
    %pushi/vec4 6, 0, 4;
    %cmp/u;
    %jmp/1 T_9.6, 6;
    %dup/vec4;
    %pushi/vec4 7, 0, 4;
    %cmp/u;
    %jmp/1 T_9.7, 6;
    %dup/vec4;
    %pushi/vec4 8, 0, 4;
    %cmp/u;
    %jmp/1 T_9.8, 6;
    %dup/vec4;
    %pushi/vec4 9, 0, 4;
    %cmp/u;
    %jmp/1 T_9.9, 6;
    %dup/vec4;
    %pushi/vec4 10, 0, 4;
    %cmp/u;
    %jmp/1 T_9.10, 6;
    %dup/vec4;
    %pushi/vec4 11, 0, 4;
    %cmp/u;
    %jmp/1 T_9.11, 6;
    %dup/vec4;
    %pushi/vec4 12, 0, 4;
    %cmp/u;
    %jmp/1 T_9.12, 6;
    %dup/vec4;
    %pushi/vec4 13, 0, 4;
    %cmp/u;
    %jmp/1 T_9.13, 6;
    %dup/vec4;
    %pushi/vec4 14, 0, 4;
    %cmp/u;
    %jmp/1 T_9.14, 6;
    %dup/vec4;
    %pushi/vec4 15, 0, 4;
    %cmp/u;
    %jmp/1 T_9.15, 6;
    %jmp T_9.16;
T_9.0 ;
    %pushi/vec4 64, 0, 7;
    %store/vec4 v0x639a238d07a0_0, 0, 7;
    %jmp T_9.16;
T_9.1 ;
    %pushi/vec4 121, 0, 7;
    %store/vec4 v0x639a238d07a0_0, 0, 7;
    %jmp T_9.16;
T_9.2 ;
    %pushi/vec4 36, 0, 7;
    %store/vec4 v0x639a238d07a0_0, 0, 7;
    %jmp T_9.16;
T_9.3 ;
    %pushi/vec4 48, 0, 7;
    %store/vec4 v0x639a238d07a0_0, 0, 7;
    %jmp T_9.16;
T_9.4 ;
    %pushi/vec4 25, 0, 7;
    %store/vec4 v0x639a238d07a0_0, 0, 7;
    %jmp T_9.16;
T_9.5 ;
    %pushi/vec4 18, 0, 7;
    %store/vec4 v0x639a238d07a0_0, 0, 7;
    %jmp T_9.16;
T_9.6 ;
    %pushi/vec4 2, 0, 7;
    %store/vec4 v0x639a238d07a0_0, 0, 7;
    %jmp T_9.16;
T_9.7 ;
    %pushi/vec4 120, 0, 7;
    %store/vec4 v0x639a238d07a0_0, 0, 7;
    %jmp T_9.16;
T_9.8 ;
    %pushi/vec4 0, 0, 7;
    %store/vec4 v0x639a238d07a0_0, 0, 7;
    %jmp T_9.16;
T_9.9 ;
    %pushi/vec4 16, 0, 7;
    %store/vec4 v0x639a238d07a0_0, 0, 7;
    %jmp T_9.16;
T_9.10 ;
    %pushi/vec4 8, 0, 7;
    %store/vec4 v0x639a238d07a0_0, 0, 7;
    %jmp T_9.16;
T_9.11 ;
    %pushi/vec4 3, 0, 7;
    %store/vec4 v0x639a238d07a0_0, 0, 7;
    %jmp T_9.16;
T_9.12 ;
    %pushi/vec4 70, 0, 7;
    %store/vec4 v0x639a238d07a0_0, 0, 7;
    %jmp T_9.16;
T_9.13 ;
    %pushi/vec4 33, 0, 7;
    %store/vec4 v0x639a238d07a0_0, 0, 7;
    %jmp T_9.16;
T_9.14 ;
    %pushi/vec4 6, 0, 7;
    %store/vec4 v0x639a238d07a0_0, 0, 7;
    %jmp T_9.16;
T_9.15 ;
    %pushi/vec4 14, 0, 7;
    %store/vec4 v0x639a238d07a0_0, 0, 7;
    %jmp T_9.16;
T_9.16 ;
    %pop/vec4 1;
    %jmp T_9;
    .thread T_9, $push;
    .scope S_0x639a238d08e0;
T_10 ;
    %wait E_0x639a238d0b00;
    %load/vec4 v0x639a238d0b80_0;
    %dup/vec4;
    %pushi/vec4 0, 0, 4;
    %cmp/u;
    %jmp/1 T_10.0, 6;
    %dup/vec4;
    %pushi/vec4 1, 0, 4;
    %cmp/u;
    %jmp/1 T_10.1, 6;
    %dup/vec4;
    %pushi/vec4 2, 0, 4;
    %cmp/u;
    %jmp/1 T_10.2, 6;
    %dup/vec4;
    %pushi/vec4 3, 0, 4;
    %cmp/u;
    %jmp/1 T_10.3, 6;
    %dup/vec4;
    %pushi/vec4 4, 0, 4;
    %cmp/u;
    %jmp/1 T_10.4, 6;
    %dup/vec4;
    %pushi/vec4 5, 0, 4;
    %cmp/u;
    %jmp/1 T_10.5, 6;
    %dup/vec4;
    %pushi/vec4 6, 0, 4;
    %cmp/u;
    %jmp/1 T_10.6, 6;
    %dup/vec4;
    %pushi/vec4 7, 0, 4;
    %cmp/u;
    %jmp/1 T_10.7, 6;
    %dup/vec4;
    %pushi/vec4 8, 0, 4;
    %cmp/u;
    %jmp/1 T_10.8, 6;
    %dup/vec4;
    %pushi/vec4 9, 0, 4;
    %cmp/u;
    %jmp/1 T_10.9, 6;
    %dup/vec4;
    %pushi/vec4 10, 0, 4;
    %cmp/u;
    %jmp/1 T_10.10, 6;
    %dup/vec4;
    %pushi/vec4 11, 0, 4;
    %cmp/u;
    %jmp/1 T_10.11, 6;
    %dup/vec4;
    %pushi/vec4 12, 0, 4;
    %cmp/u;
    %jmp/1 T_10.12, 6;
    %dup/vec4;
    %pushi/vec4 13, 0, 4;
    %cmp/u;
    %jmp/1 T_10.13, 6;
    %dup/vec4;
    %pushi/vec4 14, 0, 4;
    %cmp/u;
    %jmp/1 T_10.14, 6;
    %dup/vec4;
    %pushi/vec4 15, 0, 4;
    %cmp/u;
    %jmp/1 T_10.15, 6;
    %jmp T_10.16;
T_10.0 ;
    %pushi/vec4 64, 0, 7;
    %store/vec4 v0x639a238d0c80_0, 0, 7;
    %jmp T_10.16;
T_10.1 ;
    %pushi/vec4 121, 0, 7;
    %store/vec4 v0x639a238d0c80_0, 0, 7;
    %jmp T_10.16;
T_10.2 ;
    %pushi/vec4 36, 0, 7;
    %store/vec4 v0x639a238d0c80_0, 0, 7;
    %jmp T_10.16;
T_10.3 ;
    %pushi/vec4 48, 0, 7;
    %store/vec4 v0x639a238d0c80_0, 0, 7;
    %jmp T_10.16;
T_10.4 ;
    %pushi/vec4 25, 0, 7;
    %store/vec4 v0x639a238d0c80_0, 0, 7;
    %jmp T_10.16;
T_10.5 ;
    %pushi/vec4 18, 0, 7;
    %store/vec4 v0x639a238d0c80_0, 0, 7;
    %jmp T_10.16;
T_10.6 ;
    %pushi/vec4 2, 0, 7;
    %store/vec4 v0x639a238d0c80_0, 0, 7;
    %jmp T_10.16;
T_10.7 ;
    %pushi/vec4 120, 0, 7;
    %store/vec4 v0x639a238d0c80_0, 0, 7;
    %jmp T_10.16;
T_10.8 ;
    %pushi/vec4 0, 0, 7;
    %store/vec4 v0x639a238d0c80_0, 0, 7;
    %jmp T_10.16;
T_10.9 ;
    %pushi/vec4 16, 0, 7;
    %store/vec4 v0x639a238d0c80_0, 0, 7;
    %jmp T_10.16;
T_10.10 ;
    %pushi/vec4 8, 0, 7;
    %store/vec4 v0x639a238d0c80_0, 0, 7;
    %jmp T_10.16;
T_10.11 ;
    %pushi/vec4 3, 0, 7;
    %store/vec4 v0x639a238d0c80_0, 0, 7;
    %jmp T_10.16;
T_10.12 ;
    %pushi/vec4 70, 0, 7;
    %store/vec4 v0x639a238d0c80_0, 0, 7;
    %jmp T_10.16;
T_10.13 ;
    %pushi/vec4 33, 0, 7;
    %store/vec4 v0x639a238d0c80_0, 0, 7;
    %jmp T_10.16;
T_10.14 ;
    %pushi/vec4 6, 0, 7;
    %store/vec4 v0x639a238d0c80_0, 0, 7;
    %jmp T_10.16;
T_10.15 ;
    %pushi/vec4 14, 0, 7;
    %store/vec4 v0x639a238d0c80_0, 0, 7;
    %jmp T_10.16;
T_10.16 ;
    %pop/vec4 1;
    %jmp T_10;
    .thread T_10, $push;
    .scope S_0x639a2387cb30;
T_11 ;
    %pushi/vec4 0, 0, 32;
    %store/vec4 v0x639a238d2a80_0, 0, 32;
    %end;
    .thread T_11, $init;
    .scope S_0x639a2387cb30;
T_12 ;
    %wait E_0x639a23807ec0;
    %load/vec4 v0x639a238d2a80_0;
    %addi 1, 0, 32;
    %assign/vec4 v0x639a238d2a80_0, 0;
    %jmp T_12;
    .thread T_12;
    .scope S_0x639a2387cb30;
T_13 ;
    %wait E_0x639a23807f00;
    %load/vec4 v0x639a238d2dc0_0;
    %load/vec4 v0x639a238d2c40_0;
    %and;
    %flag_set/vec4 8;
    %jmp/0xz  T_13.0, 8;
    %load/vec4 v0x639a238d28d0_0;
    %parti/s 1, 2, 3;
    %flag_set/vec4 8;
    %jmp/0xz  T_13.2, 8;
    %load/vec4 v0x639a238d3010_0;
    %pad/u 10;
    %assign/vec4 v0x639a238d1ca0_0, 0;
T_13.2 ;
    %load/vec4 v0x639a238d28d0_0;
    %parti/s 1, 3, 3;
    %flag_set/vec4 8;
    %jmp/0xz  T_13.4, 8;
    %load/vec4 v0x639a238d3010_0;
    %pad/u 24;
    %assign/vec4 v0x639a238d2b60_0, 0;
T_13.4 ;
T_13.0 ;
    %jmp T_13;
    .thread T_13;
# The file index is used to find the file name in the following table.
:file_names 7;
    "N/A";
    "<interactive>";
    "-";
    "top.sv";
    "riscvmulti.sv";
    "dec7seg.sv";
    "mem.sv";
